[ 2020-03-26T08:45:35+08:00 ] 127.0.0.1 /Blog/admin/
INFO: [ app_init ] --START--
INFO: Run Behavior\BuildLiteBehavior [ RunTime:0.000022s ]
INFO: [ app_init ] --END-- [ RunTime:1.072296s ]
INFO: [ app_begin ] --START--
INFO: Run Behavior\ReadHtmlCacheBehavior [ RunTime:0.028908s ]
INFO: [ app_begin ] --END-- [ RunTime:0.028965s ]
INFO: [ view_parse ] --START--
INFO: [ template_filter ] --START--
INFO: Run Behavior\ContentReplaceBehavior [ RunTime:0.058047s ]
INFO: [ template_filter ] --END-- [ RunTime:0.058104s ]
INFO: Run Behavior\ParseTemplateBehavior [ RunTime:0.654736s ]
INFO: [ view_parse ] --END-- [ RunTime:0.654792s ]
INFO: [ view_filter ] --START--
INFO: Run Behavior\WriteHtmlCacheBehavior [ RunTime:0.079175s ]
INFO: [ view_filter ] --END-- [ RunTime:0.079237s ]
INFO: [ app_end ] --START--
INFO: Run Behavior\ShowPageTraceBehavior [ RunTime:0.044404s ]
INFO: [ app_end ] --END-- [ RunTime:0.044560s ]

[ 2020-03-26T08:45:42+08:00 ] 127.0.0.1 /Blog/admin/
INFO: [ app_init ] --START--
INFO: Run Behavior\BuildLiteBehavior [ RunTime:0.000013s ]
INFO: [ app_init ] --END-- [ RunTime:0.000334s ]
INFO: [ app_begin ] --START--
INFO: Run Behavior\ReadHtmlCacheBehavior [ RunTime:0.001081s ]
INFO: [ app_begin ] --END-- [ RunTime:0.001167s ]
INFO: [ view_parse ] --START--
INFO: [ template_filter ] --START--
INFO: Run Behavior\ContentReplaceBehavior [ RunTime:0.000072s ]
INFO: [ template_filter ] --END-- [ RunTime:0.000149s ]
INFO: Run Behavior\ParseTemplateBehavior [ RunTime:0.042907s ]
INFO: [ view_parse ] --END-- [ RunTime:0.043083s ]
INFO: [ view_filter ] --START--
INFO: Run Behavior\WriteHtmlCacheBehavior [ RunTime:0.000896s ]
INFO: [ view_filter ] --END-- [ RunTime:0.000957s ]
INFO: [ app_end ] --START--
INFO: Run Behavior\ShowPageTraceBehavior [ RunTime:0.000652s ]
INFO: [ app_end ] --END-- [ RunTime:0.000699s ]

[ 2020-03-26T08:45:45+08:00 ] 127.0.0.1 /blog/index.php/Admin/First/lst
INFO: [ app_init ] --START--
INFO: Run Behavior\BuildLiteBehavior [ RunTime:0.000011s ]
INFO: [ app_init ] --END-- [ RunTime:0.000356s ]
INFO: [ app_begin ] --START--
INFO: Run Behavior\ReadHtmlCacheBehavior [ RunTime:0.002584s ]
INFO: [ app_begin ] --END-- [ RunTime:0.002714s ]
SQL: SHOW COLUMNS FROM `bo_first` [ RunTime:0.1441s ]
SQL: SELECT * FROM `bo_first`  [ RunTime:0.0006s ]
INFO: [ view_parse ] --START--
INFO: [ template_filter ] --START--
INFO: Run Behavior\ContentReplaceBehavior [ RunTime:0.000191s ]
INFO: [ template_filter ] --END-- [ RunTime:0.000359s ]
INFO: Run Behavior\ParseTemplateBehavior [ RunTime:0.079327s ]
INFO: [ view_parse ] --END-- [ RunTime:0.079442s ]
INFO: [ view_filter ] --START--
INFO: Run Behavior\WriteHtmlCacheBehavior [ RunTime:0.000929s ]
INFO: [ view_filter ] --END-- [ RunTime:0.001106s ]
INFO: [ app_end ] --START--
INFO: Run Behavior\ShowPageTraceBehavior [ RunTime:0.001493s ]
INFO: [ app_end ] --END-- [ RunTime:0.001589s ]

[ 2020-03-26T08:45:52+08:00 ] 127.0.0.1 /blog/index.php/Admin/Article/lst
INFO: [ app_init ] --START--
INFO: Run Behavior\BuildLiteBehavior [ RunTime:0.000011s ]
INFO: [ app_init ] --END-- [ RunTime:0.000299s ]
INFO: [ app_begin ] --START--
INFO: Run Behavior\ReadHtmlCacheBehavior [ RunTime:0.000404s ]
INFO: [ app_begin ] --END-- [ RunTime:0.000446s ]
SQL: SHOW COLUMNS FROM `bo_article` [ RunTime:2.4133s ]
SQL: SELECT * FROM `bo_article`  [ RunTime:0.0007s ]
INFO: [ view_parse ] --START--
INFO: [ template_filter ] --START--
INFO: Run Behavior\ContentReplaceBehavior [ RunTime:0.000223s ]
INFO: [ template_filter ] --END-- [ RunTime:0.000375s ]
INFO: Run Behavior\ParseTemplateBehavior [ RunTime:0.541690s ]
INFO: [ view_parse ] --END-- [ RunTime:0.541817s ]
INFO: [ view_filter ] --START--
INFO: Run Behavior\WriteHtmlCacheBehavior [ RunTime:0.000548s ]
INFO: [ view_filter ] --END-- [ RunTime:0.000613s ]
INFO: [ app_end ] --START--
INFO: Run Behavior\ShowPageTraceBehavior [ RunTime:0.001036s ]
INFO: [ app_end ] --END-- [ RunTime:0.001105s ]

[ 2020-03-26T08:52:00+08:00 ] 127.0.0.1 /blog/index.php/Admin/Cate/lst
INFO: [ app_init ] --START--
INFO: Run Behavior\BuildLiteBehavior [ RunTime:0.000012s ]
INFO: [ app_init ] --END-- [ RunTime:0.000345s ]
INFO: [ app_begin ] --START--
INFO: Run Behavior\ReadHtmlCacheBehavior [ RunTime:0.000572s ]
INFO: [ app_begin ] --END-- [ RunTime:0.000610s ]
SQL: SHOW COLUMNS FROM `bo_cate` [ RunTime:0.0400s ]
SQL: SELECT * FROM `bo_cate`  [ RunTime:0.0008s ]
INFO: [ view_parse ] --START--
INFO: [ template_filter ] --START--
INFO: Run Behavior\ContentReplaceBehavior [ RunTime:0.000108s ]
INFO: [ template_filter ] --END-- [ RunTime:0.000202s ]
INFO: Run Behavior\ParseTemplateBehavior [ RunTime:0.017573s ]
INFO: [ view_parse ] --END-- [ RunTime:0.017667s ]
INFO: [ view_filter ] --START--
INFO: Run Behavior\WriteHtmlCacheBehavior [ RunTime:0.000478s ]
INFO: [ view_filter ] --END-- [ RunTime:0.000515s ]
INFO: [ app_end ] --START--
INFO: Run Behavior\ShowPageTraceBehavior [ RunTime:0.000548s ]
INFO: [ app_end ] --END-- [ RunTime:0.000581s ]

[ 2020-03-26T08:52:03+08:00 ] 127.0.0.1 /blog/index.php/Admin/First/lst
INFO: [ app_init ] --START--
INFO: Run Behavior\BuildLiteBehavior [ RunTime:0.000011s ]
INFO: [ app_init ] --END-- [ RunTime:0.000281s ]
INFO: [ app_begin ] --START--
INFO: Run Behavior\ReadHtmlCacheBehavior [ RunTime:0.000403s ]
INFO: [ app_begin ] --END-- [ RunTime:0.000439s ]
SQL: SHOW COLUMNS FROM `bo_first` [ RunTime:0.5094s ]
SQL: SELECT * FROM `bo_first`  [ RunTime:0.0002s ]
INFO: [ view_parse ] --START--
INFO: [ template_filter ] --START--
INFO: Run Behavior\ContentReplaceBehavior [ RunTime:0.000055s ]
INFO: [ template_filter ] --END-- [ RunTime:0.000100s ]
INFO: Run Behavior\ParseTemplateBehavior [ RunTime:0.006647s ]
INFO: [ view_parse ] --END-- [ RunTime:0.006702s ]
INFO: [ view_filter ] --START--
INFO: Run Behavior\WriteHtmlCacheBehavior [ RunTime:0.000224s ]
INFO: [ view_filter ] --END-- [ RunTime:0.000250s ]
INFO: [ app_end ] --START--
INFO: Run Behavior\ShowPageTraceBehavior [ RunTime:0.000408s ]
INFO: [ app_end ] --END-- [ RunTime:0.000435s ]

[ 2020-03-26T08:52:06+08:00 ] 127.0.0.1 /blog/index.php/Admin/Article/lst
INFO: [ app_init ] --START--
INFO: Run Behavior\BuildLiteBehavior [ RunTime:0.000012s ]
INFO: [ app_init ] --END-- [ RunTime:0.000343s ]
INFO: [ app_begin ] --START--
INFO: Run Behavior\ReadHtmlCacheBehavior [ RunTime:0.000727s ]
INFO: [ app_begin ] --END-- [ RunTime:0.000825s ]
SQL: SHOW COLUMNS FROM `bo_article` [ RunTime:0.0191s ]
SQL: SELECT * FROM `bo_article`  [ RunTime:0.0003s ]
INFO: [ view_parse ] --START--
INFO: [ template_filter ] --START--
INFO: Run Behavior\ContentReplaceBehavior [ RunTime:0.000050s ]
INFO: [ template_filter ] --END-- [ RunTime:0.000087s ]
INFO: Run Behavior\ParseTemplateBehavior [ RunTime:0.007002s ]
INFO: [ view_parse ] --END-- [ RunTime:0.007045s ]
INFO: [ view_filter ] --START--
INFO: Run Behavior\WriteHtmlCacheBehavior [ RunTime:0.000224s ]
INFO: [ view_filter ] --END-- [ RunTime:0.000249s ]
INFO: [ app_end ] --START--
INFO: Run Behavior\ShowPageTraceBehavior [ RunTime:0.000400s ]
INFO: [ app_end ] --END-- [ RunTime:0.000426s ]

