[ 2019-06-28T12:25:16+08:00 ] ::1 /blog/index.php/Home%20%20%20%20%20%20%20%20%20%20%20%20%20%20%20%20%20%20%20%20%20%20%20%20%20%20%20%20%20%20%20%20%20%20%20%20%20%20%20%20%20%20%20%20%20%20%20%20index
INFO: [ app_init ] --START--
INFO: Run Behavior\BuildLiteBehavior [ RunTime:0.000020s ]
INFO: [ app_init ] --END-- [ RunTime:0.000343s ]
ERR: 无法加载模块:Home                                                index

[ 2019-06-28T12:33:11+08:00 ] ::1 /blog/index.php/Home%20%20%20%20%20%20%20%20%20%20%20%20%20%20%20%20%20%20%20%20%20%20%20%20%20%20%20%20%20%20%20%20%20%20%20%20%20%20%20%20%20%20%20%20%20%20%20%20index
INFO: [ app_init ] --START--
INFO: Run Behavior\BuildLiteBehavior [ RunTime:0.000033s ]
INFO: [ app_init ] --END-- [ RunTime:0.000505s ]
ERR: 无法加载模块:Home                                                index

[ 2019-06-28T12:40:14+08:00 ] ::1 /blog/Upl+256oads/%E6%96%B0%E5%BB%BA%E6%96%87%E4%BB%B6%E5%A4%B9/%E6%96%B0%E5%BB%BA%E6%96%87%E4%BB%B6%E5%A4%B9/timg.jfif
INFO: [ app_init ] --START--
INFO: Run Behavior\BuildLiteBehavior [ RunTime:0.000023s ]
INFO: [ app_init ] --END-- [ RunTime:0.000428s ]
ERR: 无法加载模块:Upl+256oads

[ 2019-06-28T12:40:18+08:00 ] ::1 /blog/Upl+256oads/%E6%96%B0%E5%BB%BA%E6%96%87%E4%BB%B6%E5%A4%B9/%E6%96%B0%E5%BB%BA%E6%96%87%E4%BB%B6%E5%A4%B9/timg.jfif
INFO: [ app_init ] --START--
INFO: Run Behavior\BuildLiteBehavior [ RunTime:0.000037s ]
INFO: [ app_init ] --END-- [ RunTime:0.000629s ]
ERR: 无法加载模块:Upl+256oads

