[ 2020-02-27T21:34:06+08:00 ] ::1 /Blog/style/jquery-1.11.3.min.js
INFO: [ app_init ] --START--
INFO: Run Behavior\BuildLiteBehavior [ RunTime:0.000011s ]
INFO: [ app_init ] --END-- [ RunTime:0.000355s ]
ERR: Êó†Ê≥ïÂä†ËΩΩÊ®°Â[ 2020-02-27T21:34:06+08:00 ] ::1 /Blog/style/style.css
INFO: [ app_init ] --START--
INFO: Run Behavior\BuildLiteBehavior [ RunTime:0.000111s ]
INFO: [ app_init ] --END-- [ RunTime:0.000532s ]
ERR: Êó†Ê≥ïÂä†ËΩΩÊ®°Âùó:Style

[ 2020-02-27T21:35:28+08:00 ] ::1 /Blog/style/jquery-1.11.3.min.js
INFO: [ app_init ] --START--
INFO: Run Behavior\BuildLiteBehavior [ RunTime:0.000011s ]
INFO: [ app_init ] --END-- [ RunTime:0.000294s ]
ERR: Êó†Ê≥ïÂä†ËΩΩÊ®°Âùó:Style

[ 2020-02-27T21:35:28+08:00 ] ::1 /Blog/style/style.css
INFO: [ app_init ] --START--
INFO: Run Behavior\BuildLiteBehavior [ RunTime:0.000011s ]
INFO: [ app_init ] --END-- [ RunTime:0.000288s ]
ERR: Êó†Ê≥ïÂä†ËΩΩÊ®°Âùó:Style

[ 2020-02-27T21:35:28+08:00 ] ::1 /Blog/style/font.css
INFO: [ app_init ] --START--
INFO: Run Behavior\BuildLiteBehavior [ RunTime:0.000011s ]
INFO: [ app_init ] --END-- [ RunTime:0.000295s ]
ERR: Êó†Ê≥ïÂä†ËΩΩÊ®°Âùó:Style

[ 2020-02-27T21:35:31+08:00 ] ::1 /Blog/style/style.css
INFO: [ app_init ] --START--
INFO: Run Behavior\BuildLiteBehavior [ RunTime:0.000020s ]
INFO: [ app_init ] --END-- [ RunTime:0.000551s ]
ERR: Êó†Ê≥ïÂä†ËΩΩÊ®°Âùó:Style

[ 2020-02-27T21:35:31+08:00 ] ::1 /Blog/style/font.css
INFO: [ app_init ] --START--
INFO: Run Behavior\BuildLiteBehavior [ RunTime:0.000019s ]
INFO: [ app_init ] --END-- [ RunTime:0.000508s ]
ERR: Êó†Ê≥ïÂä†ËΩΩÊ®°Âùó:Style

[ 2020-02-27T21:35:31+08:00 ] ::1 /Blog/style/jquery-1.11.3.min.js
INFO: [ app_init ] --START--
INFO: Run Behavior\BuildLiteBehavior [ RunTime:0.000022s ]
INFO: [ app_init ] --END-- [ RunTime:0.000600s ]
ERR: Êó†Ê≥ïÂä†ËΩΩÊ®°Âùó:Style

