[ 2019-08-25T11:22:37+08:00 ] ::1 /blog/
INFO: [ app_init ] --START--
INFO: Run Behavior\BuildLiteBehavior [ RunTime:0.000110s ]
INFO: [ app_init ] --END-- [ RunTime:0.051747s ]
INFO: [ app_begin ] --START--
INFO: Run Behavior\ReadHtmlCacheBehavior [ RunTime:0.023529s ]
INFO: [ app_begin ] --END-- [ RunTime:0.023724s ]
SQL: SHOW COLUMNS FROM `bo_cate` [ RunTime:0.0921s ]
SQL: SELECT * FROM `bo_cate`  [ RunTime:0.0018s ]
SQL: SHOW COLUMNS FROM `bo_article` [ RunTime:0.0226s ]
SQL: SELECT * FROM `bo_article` WHERE `a_rem` = 1 LIMIT 3   [ RunTime:0.0194s ]
SQL: SHOW COLUMNS FROM `bo_first` [ RunTime:0.0281s ]
SQL: SELECT COUNT(*) AS tp_count FROM `bo_first` LIMIT 1   [ RunTime:0.0179s ]
SQL: SELECT * FROM `bo_first` LIMIT 0,7   [ RunTime:0.0094s ]
INFO: [ view_parse ] --START--
INFO: [ template_filter ] --START--
INFO: Run Behavior\ContentReplaceBehavior [ RunTime:0.031084s ]
INFO: [ template_filter ] --END-- [ RunTime:0.031197s ]
INFO: Run Behavior\ParseTemplateBehavior [ RunTime:0.122817s ]
INFO: [ view_parse ] --END-- [ RunTime:0.122993s ]
INFO: [ view_filter ] --START--
INFO: Run Behavior\WriteHtmlCacheBehavior [ RunTime:0.010688s ]
INFO: [ view_filter ] --END-- [ RunTime:0.010819s ]
INFO: [ app_end ] --START--
INFO: Run Behavior\ShowPageTraceBehavior [ RunTime:0.016882s ]
INFO: [ app_end ] --END-- [ RunTime:0.017068s ]

[ 2019-08-25T11:22:39+08:00 ] ::1 /blog/index.php/Home/article/article/id/2
INFO: [ app_init ] --START--
INFO: Run Behavior\BuildLiteBehavior [ RunTime:0.000021s ]
INFO: [ app_init ] --END-- [ RunTime:0.000608s ]
INFO: [ app_begin ] --START--
INFO: Run Behavior\ReadHtmlCacheBehavior [ RunTime:0.001020s ]
INFO: [ app_begin ] --END-- [ RunTime:0.001146s ]
SQL: SHOW COLUMNS FROM `bo_cate` [ RunTime:0.0013s ]
SQL: SELECT * FROM `bo_cate`  [ RunTime:0.0003s ]
SQL: SHOW COLUMNS FROM `bo_article` [ RunTime:0.0012s ]
SQL: SELECT * FROM `bo_article` WHERE `a_rem` = 1 LIMIT 3   [ RunTime:0.0003s ]
INFO: [ view_parse ] --START--
INFO: [ template_filter ] --START--
INFO: Run Behavior\ContentReplaceBehavior [ RunTime:0.000104s ]
INFO: [ template_filter ] --END-- [ RunTime:0.000196s ]
NOTIC: [8] Undefined index: a_title C:\wamp64\www\blog\Application\Runtime\Cache\Home\37d23b8de8b1006eeb4dee5f594561fd.php 第 92 行.
NOTIC: [8] Undefined index: time C:\wamp64\www\blog\Application\Runtime\Cache\Home\37d23b8de8b1006eeb4dee5f594561fd.php 第 95 行.
NOTIC: [8] Undefined variable: articles C:\wamp64\www\blog\Application\Runtime\Cache\Home\37d23b8de8b1006eeb4dee5f594561fd.php 第 97 行.
INFO: Run Behavior\ParseTemplateBehavior [ RunTime:0.029291s ]
INFO: [ view_parse ] --END-- [ RunTime:0.029387s ]
INFO: [ view_filter ] --START--
INFO: Run Behavior\WriteHtmlCacheBehavior [ RunTime:0.000765s ]
INFO: [ view_filter ] --END-- [ RunTime:0.000851s ]
INFO: [ app_end ] --START--
INFO: Run Behavior\ShowPageTraceBehavior [ RunTime:0.000877s ]
INFO: [ app_end ] --END-- [ RunTime:0.000967s ]

[ 2019-08-25T11:22:47+08:00 ] ::1 /blog/index.php/Home/article/index
INFO: [ app_init ] --START--
INFO: Run Behavior\BuildLiteBehavior [ RunTime:0.000023s ]
INFO: [ app_init ] --END-- [ RunTime:0.000585s ]
INFO: [ app_begin ] --START--
INFO: Run Behavior\ReadHtmlCacheBehavior [ RunTime:0.001054s ]
INFO: [ app_begin ] --END-- [ RunTime:0.001162s ]
SQL: SHOW COLUMNS FROM `bo_cate` [ RunTime:0.0022s ]
SQL: SELECT * FROM `bo_cate`  [ RunTime:0.0005s ]
SQL: SHOW COLUMNS FROM `bo_article` [ RunTime:0.0015s ]
SQL: SELECT * FROM `bo_article` WHERE `a_rem` = 1 LIMIT 3   [ RunTime:0.0005s ]
INFO: [ view_parse ] --START--
INFO: [ template_filter ] --START--
INFO: Run Behavior\ContentReplaceBehavior [ RunTime:0.000095s ]
INFO: [ template_filter ] --END-- [ RunTime:0.000198s ]
INFO: Run Behavior\ParseTemplateBehavior [ RunTime:0.018187s ]
INFO: [ view_parse ] --END-- [ RunTime:0.018331s ]
INFO: [ view_filter ] --START--
INFO: Run Behavior\WriteHtmlCacheBehavior [ RunTime:0.000817s ]
INFO: [ view_filter ] --END-- [ RunTime:0.000909s ]
INFO: [ app_end ] --START--
INFO: Run Behavior\ShowPageTraceBehavior [ RunTime:0.001393s ]
INFO: [ app_end ] --END-- [ RunTime:0.001531s ]

[ 2019-08-25T11:22:49+08:00 ] ::1 /blog/index.php/Home/article/article/id/2
INFO: [ app_init ] --START--
INFO: Run Behavior\BuildLiteBehavior [ RunTime:0.000023s ]
INFO: [ app_init ] --END-- [ RunTime:0.000650s ]
INFO: [ app_begin ] --START--
INFO: Run Behavior\ReadHtmlCacheBehavior [ RunTime:0.003724s ]
INFO: [ app_begin ] --END-- [ RunTime:0.004057s ]
SQL: SHOW COLUMNS FROM `bo_cate` [ RunTime:0.0015s ]
SQL: SELECT * FROM `bo_cate`  [ RunTime:0.0004s ]
SQL: SHOW COLUMNS FROM `bo_article` [ RunTime:0.0013s ]
SQL: SELECT * FROM `bo_article` WHERE `a_rem` = 1 LIMIT 3   [ RunTime:0.0004s ]
INFO: [ view_parse ] --START--
INFO: [ template_filter ] --START--
INFO: Run Behavior\ContentReplaceBehavior [ RunTime:0.000171s ]
INFO: [ template_filter ] --END-- [ RunTime:0.000362s ]
NOTIC: [8] Undefined index: a_title C:\wamp64\www\blog\Application\Runtime\Cache\Home\37d23b8de8b1006eeb4dee5f594561fd.php 第 92 行.
NOTIC: [8] Undefined index: time C:\wamp64\www\blog\Application\Runtime\Cache\Home\37d23b8de8b1006eeb4dee5f594561fd.php 第 95 行.
NOTIC: [8] Undefined variable: articles C:\wamp64\www\blog\Application\Runtime\Cache\Home\37d23b8de8b1006eeb4dee5f594561fd.php 第 97 行.
INFO: Run Behavior\ParseTemplateBehavior [ RunTime:0.021110s ]
INFO: [ view_parse ] --END-- [ RunTime:0.021235s ]
INFO: [ view_filter ] --START--
INFO: Run Behavior\WriteHtmlCacheBehavior [ RunTime:0.000582s ]
INFO: [ view_filter ] --END-- [ RunTime:0.000667s ]
INFO: [ app_end ] --START--
INFO: Run Behavior\ShowPageTraceBehavior [ RunTime:0.000827s ]
INFO: [ app_end ] --END-- [ RunTime:0.000947s ]

[ 2019-08-25T11:23:11+08:00 ] ::1 /blog/index.php/Home/about/index
INFO: [ app_init ] --START--
INFO: Run Behavior\BuildLiteBehavior [ RunTime:0.000085s ]
INFO: [ app_init ] --END-- [ RunTime:0.002249s ]
INFO: [ app_begin ] --START--
INFO: Run Behavior\ReadHtmlCacheBehavior [ RunTime:0.000836s ]
INFO: [ app_begin ] --END-- [ RunTime:0.000951s ]
SQL: SHOW COLUMNS FROM `bo_cate` [ RunTime:0.0014s ]
SQL: SELECT * FROM `bo_cate`  [ RunTime:0.0004s ]
SQL: SHOW COLUMNS FROM `bo_article` [ RunTime:0.0017s ]
SQL: SELECT * FROM `bo_article` WHERE `a_rem` = 1 LIMIT 3   [ RunTime:0.0004s ]
INFO: [ view_parse ] --START--
INFO: [ template_filter ] --START--
INFO: Run Behavior\ContentReplaceBehavior [ RunTime:0.000152s ]
INFO: [ template_filter ] --END-- [ RunTime:0.000337s ]
INFO: Run Behavior\ParseTemplateBehavior [ RunTime:0.020333s ]
INFO: [ view_parse ] --END-- [ RunTime:0.020450s ]
INFO: [ view_filter ] --START--
INFO: Run Behavior\WriteHtmlCacheBehavior [ RunTime:0.000644s ]
INFO: [ view_filter ] --END-- [ RunTime:0.000757s ]
INFO: [ app_end ] --START--
INFO: Run Behavior\ShowPageTraceBehavior [ RunTime:0.002103s ]
INFO: [ app_end ] --END-- [ RunTime:0.002265s ]

[ 2019-08-25T11:23:12+08:00 ] ::1 /blog/index.php/Home/article/article/id/2
INFO: [ app_init ] --START--
INFO: Run Behavior\BuildLiteBehavior [ RunTime:0.000030s ]
INFO: [ app_init ] --END-- [ RunTime:0.000816s ]
INFO: [ app_begin ] --START--
INFO: Run Behavior\ReadHtmlCacheBehavior [ RunTime:0.000686s ]
INFO: [ app_begin ] --END-- [ RunTime:0.000802s ]
SQL: SHOW COLUMNS FROM `bo_cate` [ RunTime:0.0012s ]
SQL: SELECT * FROM `bo_cate`  [ RunTime:0.0004s ]
SQL: SHOW COLUMNS FROM `bo_article` [ RunTime:0.0014s ]
SQL: SELECT * FROM `bo_article` WHERE `a_rem` = 1 LIMIT 3   [ RunTime:0.0003s ]
INFO: [ view_parse ] --START--
INFO: [ template_filter ] --START--
INFO: Run Behavior\ContentReplaceBehavior [ RunTime:0.000084s ]
INFO: [ template_filter ] --END-- [ RunTime:0.000189s ]
NOTIC: [8] Undefined index: a_title C:\wamp64\www\blog\Application\Runtime\Cache\Home\37d23b8de8b1006eeb4dee5f594561fd.php 第 92 行.
NOTIC: [8] Undefined index: time C:\wamp64\www\blog\Application\Runtime\Cache\Home\37d23b8de8b1006eeb4dee5f594561fd.php 第 95 行.
NOTIC: [8] Undefined variable: articles C:\wamp64\www\blog\Application\Runtime\Cache\Home\37d23b8de8b1006eeb4dee5f594561fd.php 第 97 行.
INFO: Run Behavior\ParseTemplateBehavior [ RunTime:0.018751s ]
INFO: [ view_parse ] --END-- [ RunTime:0.018848s ]
INFO: [ view_filter ] --START--
INFO: Run Behavior\WriteHtmlCacheBehavior [ RunTime:0.000744s ]
INFO: [ view_filter ] --END-- [ RunTime:0.000835s ]
INFO: [ app_end ] --START--
INFO: Run Behavior\ShowPageTraceBehavior [ RunTime:0.000698s ]
INFO: [ app_end ] --END-- [ RunTime:0.000787s ]

[ 2019-08-25T11:23:26+08:00 ] ::1 /blog/index.php/Home/article/index
INFO: [ app_init ] --START--
INFO: Run Behavior\BuildLiteBehavior [ RunTime:0.000022s ]
INFO: [ app_init ] --END-- [ RunTime:0.000576s ]
INFO: [ app_begin ] --START--
INFO: Run Behavior\ReadHtmlCacheBehavior [ RunTime:0.001149s ]
INFO: [ app_begin ] --END-- [ RunTime:0.001294s ]
SQL: SHOW COLUMNS FROM `bo_cate` [ RunTime:0.0013s ]
SQL: SELECT * FROM `bo_cate`  [ RunTime:0.0003s ]
SQL: SHOW COLUMNS FROM `bo_article` [ RunTime:0.0012s ]
SQL: SELECT * FROM `bo_article` WHERE `a_rem` = 1 LIMIT 3   [ RunTime:0.0004s ]
INFO: [ view_parse ] --START--
INFO: [ template_filter ] --START--
INFO: Run Behavior\ContentReplaceBehavior [ RunTime:0.000089s ]
INFO: [ template_filter ] --END-- [ RunTime:0.000198s ]
INFO: Run Behavior\ParseTemplateBehavior [ RunTime:0.013102s ]
INFO: [ view_parse ] --END-- [ RunTime:0.013203s ]
INFO: [ view_filter ] --START--
INFO: Run Behavior\WriteHtmlCacheBehavior [ RunTime:0.000835s ]
INFO: [ view_filter ] --END-- [ RunTime:0.000927s ]
INFO: [ app_end ] --START--
INFO: Run Behavior\ShowPageTraceBehavior [ RunTime:0.001258s ]
INFO: [ app_end ] --END-- [ RunTime:0.001409s ]

[ 2019-08-25T11:23:44+08:00 ] ::1 /blog/index.php/Home/index/index
INFO: [ app_init ] --START--
INFO: Run Behavior\BuildLiteBehavior [ RunTime:0.000024s ]
INFO: [ app_init ] --END-- [ RunTime:0.000538s ]
INFO: [ app_begin ] --START--
INFO: Run Behavior\ReadHtmlCacheBehavior [ RunTime:0.000719s ]
INFO: [ app_begin ] --END-- [ RunTime:0.000820s ]
SQL: SHOW COLUMNS FROM `bo_cate` [ RunTime:0.0019s ]
SQL: SELECT * FROM `bo_cate`  [ RunTime:0.0003s ]
SQL: SHOW COLUMNS FROM `bo_article` [ RunTime:0.0015s ]
SQL: SELECT * FROM `bo_article` WHERE `a_rem` = 1 LIMIT 3   [ RunTime:0.0006s ]
SQL: SHOW COLUMNS FROM `bo_first` [ RunTime:0.0018s ]
SQL: SELECT COUNT(*) AS tp_count FROM `bo_first` LIMIT 1   [ RunTime:0.0003s ]
SQL: SELECT * FROM `bo_first` LIMIT 0,7   [ RunTime:0.0004s ]
INFO: [ view_parse ] --START--
INFO: [ template_filter ] --START--
INFO: Run Behavior\ContentReplaceBehavior [ RunTime:0.000111s ]
INFO: [ template_filter ] --END-- [ RunTime:0.000208s ]
INFO: Run Behavior\ParseTemplateBehavior [ RunTime:0.013790s ]
INFO: [ view_parse ] --END-- [ RunTime:0.013892s ]
INFO: [ view_filter ] --START--
INFO: Run Behavior\WriteHtmlCacheBehavior [ RunTime:0.000530s ]
INFO: [ view_filter ] --END-- [ RunTime:0.000617s ]
INFO: [ app_end ] --START--
INFO: Run Behavior\ShowPageTraceBehavior [ RunTime:0.000950s ]
INFO: [ app_end ] --END-- [ RunTime:0.001091s ]

[ 2019-08-25T11:23:45+08:00 ] ::1 /blog/index.php/Home/Index/article/id/5
INFO: [ app_init ] --START--
INFO: Run Behavior\BuildLiteBehavior [ RunTime:0.000028s ]
INFO: [ app_init ] --END-- [ RunTime:0.000429s ]
INFO: [ app_begin ] --START--
INFO: Run Behavior\ReadHtmlCacheBehavior [ RunTime:0.000676s ]
INFO: [ app_begin ] --END-- [ RunTime:0.000775s ]
SQL: SHOW COLUMNS FROM `bo_cate` [ RunTime:0.0017s ]
SQL: SELECT * FROM `bo_cate`  [ RunTime:0.0003s ]
SQL: SHOW COLUMNS FROM `bo_article` [ RunTime:0.0013s ]
SQL: SELECT * FROM `bo_article` WHERE `a_rem` = 1 LIMIT 3   [ RunTime:0.0003s ]
SQL: SHOW COLUMNS FROM `bo_first` [ RunTime:0.0012s ]
SQL: SELECT * FROM `bo_first` WHERE `f_id` = 5 LIMIT 1   [ RunTime:0.0011s ]
INFO: [ view_parse ] --START--
INFO: [ template_filter ] --START--
INFO: Run Behavior\ContentReplaceBehavior [ RunTime:0.000100s ]
INFO: [ template_filter ] --END-- [ RunTime:0.000190s ]
INFO: Run Behavior\ParseTemplateBehavior [ RunTime:0.028535s ]
INFO: [ view_parse ] --END-- [ RunTime:0.028707s ]
INFO: [ view_filter ] --START--
INFO: Run Behavior\WriteHtmlCacheBehavior [ RunTime:0.001095s ]
INFO: [ view_filter ] --END-- [ RunTime:0.001270s ]
INFO: [ app_end ] --START--
INFO: Run Behavior\ShowPageTraceBehavior [ RunTime:0.001283s ]
INFO: [ app_end ] --END-- [ RunTime:0.001485s ]

[ 2019-08-25T11:25:35+08:00 ] ::1 /blog/index.php/Home/article/article/id/2
INFO: [ app_init ] --START--
INFO: Run Behavior\BuildLiteBehavior [ RunTime:0.000022s ]
INFO: [ app_init ] --END-- [ RunTime:0.000656s ]
INFO: [ app_begin ] --START--
INFO: Run Behavior\ReadHtmlCacheBehavior [ RunTime:0.001961s ]
INFO: [ app_begin ] --END-- [ RunTime:0.002148s ]
SQL: SHOW COLUMNS FROM `bo_cate` [ RunTime:0.0023s ]
SQL: SELECT * FROM `bo_cate`  [ RunTime:0.0003s ]
SQL: SHOW COLUMNS FROM `bo_article` [ RunTime:0.0012s ]
SQL: SELECT * FROM `bo_article` WHERE `a_rem` = 1 LIMIT 3   [ RunTime:0.0004s ]
INFO: [ view_parse ] --START--
INFO: [ template_filter ] --START--
INFO: Run Behavior\ContentReplaceBehavior [ RunTime:0.000091s ]
INFO: [ template_filter ] --END-- [ RunTime:0.000188s ]
NOTIC: [8] Undefined variable: articles C:\wamp64\www\blog\Application\Runtime\Cache\Home\37d23b8de8b1006eeb4dee5f594561fd.php 第 92 行.
NOTIC: [8] Undefined variable: article C:\wamp64\www\blog\Application\Runtime\Cache\Home\37d23b8de8b1006eeb4dee5f594561fd.php 第 95 行.
NOTIC: [8] Undefined variable: articles C:\wamp64\www\blog\Application\Runtime\Cache\Home\37d23b8de8b1006eeb4dee5f594561fd.php 第 97 行.
INFO: Run Behavior\ParseTemplateBehavior [ RunTime:0.021352s ]
INFO: [ view_parse ] --END-- [ RunTime:0.021450s ]
INFO: [ view_filter ] --START--
INFO: Run Behavior\WriteHtmlCacheBehavior [ RunTime:0.000743s ]
INFO: [ view_filter ] --END-- [ RunTime:0.000834s ]
INFO: [ app_end ] --START--
INFO: Run Behavior\ShowPageTraceBehavior [ RunTime:0.001017s ]
INFO: [ app_end ] --END-- [ RunTime:0.001115s ]

[ 2019-08-25T11:25:35+08:00 ] ::1 /blog/index.php/Home/article/article/id/2
INFO: [ app_init ] --START--
INFO: Run Behavior\BuildLiteBehavior [ RunTime:0.000047s ]
INFO: [ app_init ] --END-- [ RunTime:0.002298s ]
INFO: [ app_begin ] --START--
INFO: Run Behavior\ReadHtmlCacheBehavior [ RunTime:0.000974s ]
INFO: [ app_begin ] --END-- [ RunTime:0.001144s ]
SQL: SHOW COLUMNS FROM `bo_cate` [ RunTime:0.0012s ]
SQL: SELECT * FROM `bo_cate`  [ RunTime:0.0008s ]
SQL: SHOW COLUMNS FROM `bo_article` [ RunTime:0.0013s ]
SQL: SELECT * FROM `bo_article` WHERE `a_rem` = 1 LIMIT 3   [ RunTime:0.0004s ]
INFO: [ view_parse ] --START--
INFO: [ template_filter ] --START--
INFO: Run Behavior\ContentReplaceBehavior [ RunTime:0.000086s ]
INFO: [ template_filter ] --END-- [ RunTime:0.000181s ]
NOTIC: [8] Undefined variable: articles C:\wamp64\www\blog\Application\Runtime\Cache\Home\37d23b8de8b1006eeb4dee5f594561fd.php 第 92 行.
NOTIC: [8] Undefined variable: article C:\wamp64\www\blog\Application\Runtime\Cache\Home\37d23b8de8b1006eeb4dee5f594561fd.php 第 95 行.
NOTIC: [8] Undefined variable: articles C:\wamp64\www\blog\Application\Runtime\Cache\Home\37d23b8de8b1006eeb4dee5f594561fd.php 第 97 行.
INFO: Run Behavior\ParseTemplateBehavior [ RunTime:0.015653s ]
INFO: [ view_parse ] --END-- [ RunTime:0.015816s ]
INFO: [ view_filter ] --START--
INFO: Run Behavior\WriteHtmlCacheBehavior [ RunTime:0.001534s ]
INFO: [ view_filter ] --END-- [ RunTime:0.001808s ]
INFO: [ app_end ] --START--
INFO: Run Behavior\ShowPageTraceBehavior [ RunTime:0.001008s ]
INFO: [ app_end ] --END-- [ RunTime:0.001152s ]

[ 2019-08-25T11:25:37+08:00 ] ::1 /blog/index.php/Home/index/index
INFO: [ app_init ] --START--
INFO: Run Behavior\BuildLiteBehavior [ RunTime:0.000021s ]
INFO: [ app_init ] --END-- [ RunTime:0.000423s ]
INFO: [ app_begin ] --START--
INFO: Run Behavior\ReadHtmlCacheBehavior [ RunTime:0.000745s ]
INFO: [ app_begin ] --END-- [ RunTime:0.000854s ]
SQL: SHOW COLUMNS FROM `bo_cate` [ RunTime:0.0012s ]
SQL: SELECT * FROM `bo_cate`  [ RunTime:0.0004s ]
SQL: SHOW COLUMNS FROM `bo_article` [ RunTime:0.0049s ]
SQL: SELECT * FROM `bo_article` WHERE `a_rem` = 1 LIMIT 3   [ RunTime:0.0005s ]
SQL: SHOW COLUMNS FROM `bo_first` [ RunTime:0.0018s ]
SQL: SELECT COUNT(*) AS tp_count FROM `bo_first` LIMIT 1   [ RunTime:0.0003s ]
SQL: SELECT * FROM `bo_first` LIMIT 0,7   [ RunTime:0.0005s ]
INFO: [ view_parse ] --START--
INFO: [ template_filter ] --START--
INFO: Run Behavior\ContentReplaceBehavior [ RunTime:0.000134s ]
INFO: [ template_filter ] --END-- [ RunTime:0.000233s ]
INFO: Run Behavior\ParseTemplateBehavior [ RunTime:0.020838s ]
INFO: [ view_parse ] --END-- [ RunTime:0.021243s ]
INFO: [ view_filter ] --START--
INFO: Run Behavior\WriteHtmlCacheBehavior [ RunTime:0.001030s ]
INFO: [ view_filter ] --END-- [ RunTime:0.001189s ]
INFO: [ app_end ] --START--
INFO: Run Behavior\ShowPageTraceBehavior [ RunTime:0.001216s ]
INFO: [ app_end ] --END-- [ RunTime:0.001382s ]

[ 2019-08-25T11:25:39+08:00 ] ::1 /blog/index.php/Home/article/article/id/2
INFO: [ app_init ] --START--
INFO: Run Behavior\BuildLiteBehavior [ RunTime:0.000022s ]
INFO: [ app_init ] --END-- [ RunTime:0.000469s ]
INFO: [ app_begin ] --START--
INFO: Run Behavior\ReadHtmlCacheBehavior [ RunTime:0.000698s ]
INFO: [ app_begin ] --END-- [ RunTime:0.000829s ]
SQL: SHOW COLUMNS FROM `bo_cate` [ RunTime:0.0013s ]
SQL: SELECT * FROM `bo_cate`  [ RunTime:0.0003s ]
SQL: SHOW COLUMNS FROM `bo_article` [ RunTime:0.0012s ]
SQL: SELECT * FROM `bo_article` WHERE `a_rem` = 1 LIMIT 3   [ RunTime:0.0004s ]
INFO: [ view_parse ] --START--
INFO: [ template_filter ] --START--
INFO: Run Behavior\ContentReplaceBehavior [ RunTime:0.000084s ]
INFO: [ template_filter ] --END-- [ RunTime:0.000177s ]
NOTIC: [8] Undefined variable: articles C:\wamp64\www\blog\Application\Runtime\Cache\Home\37d23b8de8b1006eeb4dee5f594561fd.php 第 92 行.
NOTIC: [8] Undefined variable: article C:\wamp64\www\blog\Application\Runtime\Cache\Home\37d23b8de8b1006eeb4dee5f594561fd.php 第 95 行.
NOTIC: [8] Undefined variable: articles C:\wamp64\www\blog\Application\Runtime\Cache\Home\37d23b8de8b1006eeb4dee5f594561fd.php 第 97 行.
INFO: Run Behavior\ParseTemplateBehavior [ RunTime:0.016940s ]
INFO: [ view_parse ] --END-- [ RunTime:0.017063s ]
INFO: [ view_filter ] --START--
INFO: Run Behavior\WriteHtmlCacheBehavior [ RunTime:0.000554s ]
INFO: [ view_filter ] --END-- [ RunTime:0.000640s ]
INFO: [ app_end ] --START--
INFO: Run Behavior\ShowPageTraceBehavior [ RunTime:0.000673s ]
INFO: [ app_end ] --END-- [ RunTime:0.000763s ]

[ 2019-08-25T11:25:46+08:00 ] ::1 /blog/index.php/Home/article/article/id/2
INFO: [ app_init ] --START--
INFO: Run Behavior\BuildLiteBehavior [ RunTime:0.000021s ]
INFO: [ app_init ] --END-- [ RunTime:0.000521s ]
INFO: [ app_begin ] --START--
INFO: Run Behavior\ReadHtmlCacheBehavior [ RunTime:0.001088s ]
INFO: [ app_begin ] --END-- [ RunTime:0.001200s ]
SQL: SHOW COLUMNS FROM `bo_cate` [ RunTime:0.0012s ]
SQL: SELECT * FROM `bo_cate`  [ RunTime:0.0005s ]
SQL: SHOW COLUMNS FROM `bo_article` [ RunTime:0.0013s ]
SQL: SELECT * FROM `bo_article` WHERE `a_rem` = 1 LIMIT 3   [ RunTime:0.0004s ]
INFO: [ view_parse ] --START--
INFO: [ template_filter ] --START--
INFO: Run Behavior\ContentReplaceBehavior [ RunTime:0.000094s ]
INFO: [ template_filter ] --END-- [ RunTime:0.000203s ]
NOTIC: [8] Undefined variable: articles C:\wamp64\www\blog\Application\Runtime\Cache\Home\37d23b8de8b1006eeb4dee5f594561fd.php 第 92 行.
NOTIC: [8] Undefined variable: article C:\wamp64\www\blog\Application\Runtime\Cache\Home\37d23b8de8b1006eeb4dee5f594561fd.php 第 95 行.
NOTIC: [8] Undefined variable: articles C:\wamp64\www\blog\Application\Runtime\Cache\Home\37d23b8de8b1006eeb4dee5f594561fd.php 第 97 行.
INFO: Run Behavior\ParseTemplateBehavior [ RunTime:0.019673s ]
INFO: [ view_parse ] --END-- [ RunTime:0.019852s ]
INFO: [ view_filter ] --START--
INFO: Run Behavior\WriteHtmlCacheBehavior [ RunTime:0.001607s ]
INFO: [ view_filter ] --END-- [ RunTime:0.001733s ]
INFO: [ app_end ] --START--
INFO: Run Behavior\ShowPageTraceBehavior [ RunTime:0.001224s ]
INFO: [ app_end ] --END-- [ RunTime:0.001401s ]

[ 2019-08-25T11:25:47+08:00 ] ::1 /blog/index.php/Home/index/index
INFO: [ app_init ] --START--
INFO: Run Behavior\BuildLiteBehavior [ RunTime:0.000041s ]
INFO: [ app_init ] --END-- [ RunTime:0.002075s ]
INFO: [ app_begin ] --START--
INFO: Run Behavior\ReadHtmlCacheBehavior [ RunTime:0.000710s ]
INFO: [ app_begin ] --END-- [ RunTime:0.000816s ]
SQL: SHOW COLUMNS FROM `bo_cate` [ RunTime:0.0015s ]
SQL: SELECT * FROM `bo_cate`  [ RunTime:0.0003s ]
SQL: SHOW COLUMNS FROM `bo_article` [ RunTime:0.0011s ]
SQL: SELECT * FROM `bo_article` WHERE `a_rem` = 1 LIMIT 3   [ RunTime:0.0003s ]
SQL: SHOW COLUMNS FROM `bo_first` [ RunTime:0.0012s ]
SQL: SELECT COUNT(*) AS tp_count FROM `bo_first` LIMIT 1   [ RunTime:0.0003s ]
SQL: SELECT * FROM `bo_first` LIMIT 0,7   [ RunTime:0.0006s ]
INFO: [ view_parse ] --START--
INFO: [ template_filter ] --START--
INFO: Run Behavior\ContentReplaceBehavior [ RunTime:0.000194s ]
INFO: [ template_filter ] --END-- [ RunTime:0.000342s ]
INFO: Run Behavior\ParseTemplateBehavior [ RunTime:0.015296s ]
INFO: [ view_parse ] --END-- [ RunTime:0.015400s ]
INFO: [ view_filter ] --START--
INFO: Run Behavior\WriteHtmlCacheBehavior [ RunTime:0.000664s ]
INFO: [ view_filter ] --END-- [ RunTime:0.000757s ]
INFO: [ app_end ] --START--
INFO: Run Behavior\ShowPageTraceBehavior [ RunTime:0.001300s ]
INFO: [ app_end ] --END-- [ RunTime:0.001438s ]

[ 2019-08-25T11:25:48+08:00 ] ::1 /blog/index.php/Home/article/article/id/2
INFO: [ app_init ] --START--
INFO: Run Behavior\BuildLiteBehavior [ RunTime:0.000042s ]
INFO: [ app_init ] --END-- [ RunTime:0.000797s ]
INFO: [ app_begin ] --START--
INFO: Run Behavior\ReadHtmlCacheBehavior [ RunTime:0.000742s ]
INFO: [ app_begin ] --END-- [ RunTime:0.000883s ]
SQL: SHOW COLUMNS FROM `bo_cate` [ RunTime:0.0016s ]
SQL: SELECT * FROM `bo_cate`  [ RunTime:0.0004s ]
SQL: SHOW COLUMNS FROM `bo_article` [ RunTime:0.0048s ]
SQL: SELECT * FROM `bo_article` WHERE `a_rem` = 1 LIMIT 3   [ RunTime:0.0006s ]
INFO: [ view_parse ] --START--
INFO: [ template_filter ] --START--
INFO: Run Behavior\ContentReplaceBehavior [ RunTime:0.000104s ]
INFO: [ template_filter ] --END-- [ RunTime:0.000197s ]
NOTIC: [8] Undefined variable: articles C:\wamp64\www\blog\Application\Runtime\Cache\Home\37d23b8de8b1006eeb4dee5f594561fd.php 第 92 行.
NOTIC: [8] Undefined variable: article C:\wamp64\www\blog\Application\Runtime\Cache\Home\37d23b8de8b1006eeb4dee5f594561fd.php 第 95 行.
NOTIC: [8] Undefined variable: articles C:\wamp64\www\blog\Application\Runtime\Cache\Home\37d23b8de8b1006eeb4dee5f594561fd.php 第 97 行.
INFO: Run Behavior\ParseTemplateBehavior [ RunTime:0.015057s ]
INFO: [ view_parse ] --END-- [ RunTime:0.015194s ]
INFO: [ view_filter ] --START--
INFO: Run Behavior\WriteHtmlCacheBehavior [ RunTime:0.000698s ]
INFO: [ view_filter ] --END-- [ RunTime:0.000789s ]
INFO: [ app_end ] --START--
INFO: Run Behavior\ShowPageTraceBehavior [ RunTime:0.000810s ]
INFO: [ app_end ] --END-- [ RunTime:0.000909s ]

[ 2019-08-25T11:26:47+08:00 ] ::1 /blog/index.php/Home/index/index
INFO: [ app_init ] --START--
INFO: Run Behavior\BuildLiteBehavior [ RunTime:0.000048s ]
INFO: [ app_init ] --END-- [ RunTime:0.001743s ]
INFO: [ app_begin ] --START--
INFO: Run Behavior\ReadHtmlCacheBehavior [ RunTime:0.004127s ]
INFO: [ app_begin ] --END-- [ RunTime:0.004300s ]
SQL: SHOW COLUMNS FROM `bo_cate` [ RunTime:0.0005s ]
SQL: SELECT * FROM `bo_cate`  [ RunTime:0.0004s ]
SQL: SHOW COLUMNS FROM `bo_article` [ RunTime:0.0006s ]
SQL: SELECT * FROM `bo_article` WHERE `a_rem` = 1 LIMIT 3   [ RunTime:0.0002s ]
SQL: SHOW COLUMNS FROM `bo_first` [ RunTime:0.0034s ]
SQL: SELECT COUNT(*) AS tp_count FROM `bo_first` LIMIT 1   [ RunTime:0.0004s ]
SQL: SELECT * FROM `bo_first` LIMIT 0,7   [ RunTime:0.0004s ]
INFO: [ view_parse ] --START--
INFO: [ template_filter ] --START--
INFO: Run Behavior\ContentReplaceBehavior [ RunTime:0.000113s ]
INFO: [ template_filter ] --END-- [ RunTime:0.000218s ]
INFO: Run Behavior\ParseTemplateBehavior [ RunTime:0.031830s ]
INFO: [ view_parse ] --END-- [ RunTime:0.031987s ]
INFO: [ view_filter ] --START--
INFO: Run Behavior\WriteHtmlCacheBehavior [ RunTime:0.005630s ]
INFO: [ view_filter ] --END-- [ RunTime:0.005761s ]
INFO: [ app_end ] --START--
INFO: Run Behavior\ShowPageTraceBehavior [ RunTime:0.012215s ]
INFO: [ app_end ] --END-- [ RunTime:0.012385s ]

[ 2019-08-25T11:26:48+08:00 ] ::1 /blog/index.php/Home/article/article/id/2
INFO: [ app_init ] --START--
INFO: Run Behavior\BuildLiteBehavior [ RunTime:0.000023s ]
INFO: [ app_init ] --END-- [ RunTime:0.001022s ]
INFO: [ app_begin ] --START--
INFO: Run Behavior\ReadHtmlCacheBehavior [ RunTime:0.005909s ]
INFO: [ app_begin ] --END-- [ RunTime:0.006028s ]
SQL: SHOW COLUMNS FROM `bo_cate` [ RunTime:0.0006s ]
SQL: SELECT * FROM `bo_cate`  [ RunTime:0.0003s ]
SQL: SHOW COLUMNS FROM `bo_article` [ RunTime:0.0006s ]
SQL: SELECT * FROM `bo_article` WHERE `a_rem` = 1 LIMIT 3   [ RunTime:0.0003s ]
INFO: [ view_parse ] --START--
INFO: [ template_filter ] --START--
INFO: Run Behavior\ContentReplaceBehavior [ RunTime:0.000229s ]
INFO: [ template_filter ] --END-- [ RunTime:0.000504s ]
NOTIC: [8] Undefined variable: articles C:\wamp64\www\blog\Application\Runtime\Cache\Home\37d23b8de8b1006eeb4dee5f594561fd.php 第 92 行.
NOTIC: [8] Undefined variable: articles C:\wamp64\www\blog\Application\Runtime\Cache\Home\37d23b8de8b1006eeb4dee5f594561fd.php 第 95 行.
NOTIC: [8] Undefined variable: articles C:\wamp64\www\blog\Application\Runtime\Cache\Home\37d23b8de8b1006eeb4dee5f594561fd.php 第 97 行.
INFO: Run Behavior\ParseTemplateBehavior [ RunTime:0.028319s ]
INFO: [ view_parse ] --END-- [ RunTime:0.028453s ]
INFO: [ view_filter ] --START--
INFO: Run Behavior\WriteHtmlCacheBehavior [ RunTime:0.005069s ]
INFO: [ view_filter ] --END-- [ RunTime:0.005206s ]
INFO: [ app_end ] --START--
INFO: Run Behavior\ShowPageTraceBehavior [ RunTime:0.003851s ]
INFO: [ app_end ] --END-- [ RunTime:0.004113s ]

[ 2019-08-25T11:26:51+08:00 ] ::1 /blog/index.php/Home/article/article/id/2
INFO: [ app_init ] --START--
INFO: Run Behavior\BuildLiteBehavior [ RunTime:0.000023s ]
INFO: [ app_init ] --END-- [ RunTime:0.001026s ]
INFO: [ app_begin ] --START--
INFO: Run Behavior\ReadHtmlCacheBehavior [ RunTime:0.003004s ]
INFO: [ app_begin ] --END-- [ RunTime:0.003130s ]
SQL: SHOW COLUMNS FROM `bo_cate` [ RunTime:0.0007s ]
SQL: SELECT * FROM `bo_cate`  [ RunTime:0.0003s ]
SQL: SHOW COLUMNS FROM `bo_article` [ RunTime:0.0007s ]
SQL: SELECT * FROM `bo_article` WHERE `a_rem` = 1 LIMIT 3   [ RunTime:0.0004s ]
INFO: [ view_parse ] --START--
INFO: [ template_filter ] --START--
INFO: Run Behavior\ContentReplaceBehavior [ RunTime:0.000099s ]
INFO: [ template_filter ] --END-- [ RunTime:0.000225s ]
NOTIC: [8] Undefined variable: articles C:\wamp64\www\blog\Application\Runtime\Cache\Home\37d23b8de8b1006eeb4dee5f594561fd.php 第 92 行.
NOTIC: [8] Undefined variable: articles C:\wamp64\www\blog\Application\Runtime\Cache\Home\37d23b8de8b1006eeb4dee5f594561fd.php 第 95 行.
NOTIC: [8] Undefined variable: articles C:\wamp64\www\blog\Application\Runtime\Cache\Home\37d23b8de8b1006eeb4dee5f594561fd.php 第 97 行.
INFO: Run Behavior\ParseTemplateBehavior [ RunTime:0.030065s ]
INFO: [ view_parse ] --END-- [ RunTime:0.030203s ]
INFO: [ view_filter ] --START--
INFO: Run Behavior\WriteHtmlCacheBehavior [ RunTime:0.002786s ]
INFO: [ view_filter ] --END-- [ RunTime:0.002873s ]
INFO: [ app_end ] --START--
INFO: Run Behavior\ShowPageTraceBehavior [ RunTime:0.003050s ]
INFO: [ app_end ] --END-- [ RunTime:0.003181s ]

[ 2019-08-25T11:29:01+08:00 ] ::1 /blog/index.php/Home/article/article/id/2
INFO: [ app_init ] --START--
INFO: Run Behavior\BuildLiteBehavior [ RunTime:0.000029s ]
INFO: [ app_init ] --END-- [ RunTime:0.000746s ]
INFO: [ app_begin ] --START--
INFO: Run Behavior\ReadHtmlCacheBehavior [ RunTime:0.006066s ]
INFO: [ app_begin ] --END-- [ RunTime:0.006310s ]
SQL: SHOW COLUMNS FROM `bo_cate` [ RunTime:0.0008s ]
SQL: SELECT * FROM `bo_cate`  [ RunTime:0.0004s ]
SQL: SHOW COLUMNS FROM `bo_article` [ RunTime:0.0006s ]
SQL: SELECT * FROM `bo_article` WHERE `a_rem` = 1 LIMIT 3   [ RunTime:0.0004s ]
INFO: [ view_parse ] --START--
INFO: [ template_filter ] --START--
INFO: Run Behavior\ContentReplaceBehavior [ RunTime:0.000091s ]
INFO: [ template_filter ] --END-- [ RunTime:0.000188s ]
NOTIC: [8] Undefined variable: articles C:\wamp64\www\blog\Application\Runtime\Cache\Home\37d23b8de8b1006eeb4dee5f594561fd.php 第 92 行.
NOTIC: [8] Undefined variable: articles C:\wamp64\www\blog\Application\Runtime\Cache\Home\37d23b8de8b1006eeb4dee5f594561fd.php 第 92 行.
NOTIC: [8] Undefined variable: articles C:\wamp64\www\blog\Application\Runtime\Cache\Home\37d23b8de8b1006eeb4dee5f594561fd.php 第 95 行.
NOTIC: [8] Undefined variable: articles C:\wamp64\www\blog\Application\Runtime\Cache\Home\37d23b8de8b1006eeb4dee5f594561fd.php 第 97 行.
INFO: Run Behavior\ParseTemplateBehavior [ RunTime:0.029480s ]
INFO: [ view_parse ] --END-- [ RunTime:0.029687s ]
INFO: [ view_filter ] --START--
INFO: Run Behavior\WriteHtmlCacheBehavior [ RunTime:0.001336s ]
INFO: [ view_filter ] --END-- [ RunTime:0.001424s ]
INFO: [ app_end ] --START--
INFO: Run Behavior\ShowPageTraceBehavior [ RunTime:0.001258s ]
INFO: [ app_end ] --END-- [ RunTime:0.001356s ]

[ 2019-08-25T11:29:03+08:00 ] ::1 /blog/index.php/Home/article/article/id/2
INFO: [ app_init ] --START--
INFO: Run Behavior\BuildLiteBehavior [ RunTime:0.000135s ]
INFO: [ app_init ] --END-- [ RunTime:0.001417s ]
INFO: [ app_begin ] --START--
INFO: Run Behavior\ReadHtmlCacheBehavior [ RunTime:0.002513s ]
INFO: [ app_begin ] --END-- [ RunTime:0.003293s ]
SQL: SHOW COLUMNS FROM `bo_cate` [ RunTime:0.0006s ]
SQL: SELECT * FROM `bo_cate`  [ RunTime:0.0003s ]
SQL: SHOW COLUMNS FROM `bo_article` [ RunTime:0.0006s ]
SQL: SELECT * FROM `bo_article` WHERE `a_rem` = 1 LIMIT 3   [ RunTime:0.0003s ]
INFO: [ view_parse ] --START--
INFO: [ template_filter ] --START--
INFO: Run Behavior\ContentReplaceBehavior [ RunTime:0.000169s ]
INFO: [ template_filter ] --END-- [ RunTime:0.000331s ]
NOTIC: [8] Undefined variable: articles C:\wamp64\www\blog\Application\Runtime\Cache\Home\37d23b8de8b1006eeb4dee5f594561fd.php 第 92 行.
NOTIC: [8] Undefined variable: articles C:\wamp64\www\blog\Application\Runtime\Cache\Home\37d23b8de8b1006eeb4dee5f594561fd.php 第 92 行.
NOTIC: [8] Undefined variable: articles C:\wamp64\www\blog\Application\Runtime\Cache\Home\37d23b8de8b1006eeb4dee5f594561fd.php 第 95 行.
NOTIC: [8] Undefined variable: articles C:\wamp64\www\blog\Application\Runtime\Cache\Home\37d23b8de8b1006eeb4dee5f594561fd.php 第 97 行.
INFO: Run Behavior\ParseTemplateBehavior [ RunTime:0.027453s ]
INFO: [ view_parse ] --END-- [ RunTime:0.027558s ]
INFO: [ view_filter ] --START--
INFO: Run Behavior\WriteHtmlCacheBehavior [ RunTime:0.001642s ]
INFO: [ view_filter ] --END-- [ RunTime:0.001824s ]
INFO: [ app_end ] --START--
INFO: Run Behavior\ShowPageTraceBehavior [ RunTime:0.001389s ]
INFO: [ app_end ] --END-- [ RunTime:0.001557s ]

[ 2019-08-25T11:29:51+08:00 ] ::1 /blog/index.php/Home/article/article/id/2
INFO: [ app_init ] --START--
INFO: Run Behavior\BuildLiteBehavior [ RunTime:0.000035s ]
INFO: [ app_init ] --END-- [ RunTime:0.000712s ]
INFO: [ app_begin ] --START--
INFO: Run Behavior\ReadHtmlCacheBehavior [ RunTime:0.001239s ]
INFO: [ app_begin ] --END-- [ RunTime:0.001360s ]
SQL: SHOW COLUMNS FROM `bo_cate` [ RunTime:0.0007s ]
SQL: SELECT * FROM `bo_cate`  [ RunTime:0.0003s ]
SQL: SHOW COLUMNS FROM `bo_article` [ RunTime:0.0006s ]
SQL: SELECT * FROM `bo_article` WHERE `a_rem` = 1 LIMIT 3   [ RunTime:0.0003s ]
INFO: [ view_parse ] --START--
INFO: [ template_filter ] --START--
INFO: Run Behavior\ContentReplaceBehavior [ RunTime:0.000085s ]
INFO: [ template_filter ] --END-- [ RunTime:0.000176s ]
NOTIC: [8] Undefined variable: articles C:\wamp64\www\blog\Application\Runtime\Cache\Home\37d23b8de8b1006eeb4dee5f594561fd.php 第 92 行.
NOTIC: [8] Undefined variable: articles C:\wamp64\www\blog\Application\Runtime\Cache\Home\37d23b8de8b1006eeb4dee5f594561fd.php 第 95 行.
NOTIC: [8] Undefined variable: articles C:\wamp64\www\blog\Application\Runtime\Cache\Home\37d23b8de8b1006eeb4dee5f594561fd.php 第 97 行.
INFO: Run Behavior\ParseTemplateBehavior [ RunTime:0.208291s ]
INFO: [ view_parse ] --END-- [ RunTime:0.208464s ]
INFO: [ view_filter ] --START--
INFO: Run Behavior\WriteHtmlCacheBehavior [ RunTime:0.002011s ]
INFO: [ view_filter ] --END-- [ RunTime:0.002227s ]
INFO: [ app_end ] --START--
INFO: Run Behavior\ShowPageTraceBehavior [ RunTime:0.001326s ]
INFO: [ app_end ] --END-- [ RunTime:0.001435s ]

[ 2019-08-25T11:29:58+08:00 ] ::1 /blog/index.php/Home/article/article/id/2
INFO: [ app_init ] --START--
INFO: Run Behavior\BuildLiteBehavior [ RunTime:0.000030s ]
INFO: [ app_init ] --END-- [ RunTime:0.000660s ]
INFO: [ app_begin ] --START--
INFO: Run Behavior\ReadHtmlCacheBehavior [ RunTime:0.001429s ]
INFO: [ app_begin ] --END-- [ RunTime:0.001649s ]
SQL: SHOW COLUMNS FROM `bo_cate` [ RunTime:0.0006s ]
SQL: SELECT * FROM `bo_cate`  [ RunTime:0.0003s ]
SQL: SHOW COLUMNS FROM `bo_article` [ RunTime:0.0007s ]
SQL: SELECT * FROM `bo_article` WHERE `a_rem` = 1 LIMIT 3   [ RunTime:0.0003s ]
INFO: [ view_parse ] --START--
INFO: [ template_filter ] --START--
INFO: Run Behavior\ContentReplaceBehavior [ RunTime:0.000092s ]
INFO: [ template_filter ] --END-- [ RunTime:0.000185s ]
NOTIC: [8] Undefined variable: articles C:\wamp64\www\blog\Application\Runtime\Cache\Home\37d23b8de8b1006eeb4dee5f594561fd.php 第 92 行.
NOTIC: [8] Undefined variable: articles C:\wamp64\www\blog\Application\Runtime\Cache\Home\37d23b8de8b1006eeb4dee5f594561fd.php 第 95 行.
NOTIC: [8] Undefined variable: articles C:\wamp64\www\blog\Application\Runtime\Cache\Home\37d23b8de8b1006eeb4dee5f594561fd.php 第 97 行.
INFO: Run Behavior\ParseTemplateBehavior [ RunTime:0.800612s ]
INFO: [ view_parse ] --END-- [ RunTime:0.800712s ]
INFO: [ view_filter ] --START--
INFO: Run Behavior\WriteHtmlCacheBehavior [ RunTime:0.001434s ]
INFO: [ view_filter ] --END-- [ RunTime:0.001531s ]
INFO: [ app_end ] --START--
INFO: Run Behavior\ShowPageTraceBehavior [ RunTime:0.001208s ]
INFO: [ app_end ] --END-- [ RunTime:0.001306s ]

[ 2019-08-25T11:30:42+08:00 ] ::1 /blog/index.php/Home/article/article/id/2
INFO: [ app_init ] --START--
INFO: Run Behavior\BuildLiteBehavior [ RunTime:0.000028s ]
INFO: [ app_init ] --END-- [ RunTime:0.000637s ]
INFO: [ app_begin ] --START--
INFO: Run Behavior\ReadHtmlCacheBehavior [ RunTime:0.002261s ]
INFO: [ app_begin ] --END-- [ RunTime:0.002701s ]
SQL: SHOW COLUMNS FROM `bo_cate` [ RunTime:0.0006s ]
SQL: SELECT * FROM `bo_cate`  [ RunTime:0.0003s ]
SQL: SHOW COLUMNS FROM `bo_article` [ RunTime:0.0005s ]
SQL: SELECT * FROM `bo_article` WHERE `a_rem` = 1 LIMIT 3   [ RunTime:0.0016s ]
INFO: [ view_parse ] --START--
INFO: [ template_filter ] --START--
INFO: Run Behavior\ContentReplaceBehavior [ RunTime:0.000102s ]
INFO: [ template_filter ] --END-- [ RunTime:0.000206s ]
NOTIC: [8] Undefined index: a_id C:\wamp64\www\blog\Application\Runtime\Cache\Home\37d23b8de8b1006eeb4dee5f594561fd.php 第 92 行.
NOTIC: [8] Undefined variable: articles C:\wamp64\www\blog\Application\Runtime\Cache\Home\37d23b8de8b1006eeb4dee5f594561fd.php 第 92 行.
NOTIC: [8] Undefined variable: articles C:\wamp64\www\blog\Application\Runtime\Cache\Home\37d23b8de8b1006eeb4dee5f594561fd.php 第 95 行.
NOTIC: [8] Undefined variable: articles C:\wamp64\www\blog\Application\Runtime\Cache\Home\37d23b8de8b1006eeb4dee5f594561fd.php 第 97 行.
INFO: Run Behavior\ParseTemplateBehavior [ RunTime:0.021744s ]
INFO: [ view_parse ] --END-- [ RunTime:0.021914s ]
INFO: [ view_filter ] --START--
INFO: Run Behavior\WriteHtmlCacheBehavior [ RunTime:0.001020s ]
INFO: [ view_filter ] --END-- [ RunTime:0.001105s ]
INFO: [ app_end ] --START--
INFO: Run Behavior\ShowPageTraceBehavior [ RunTime:0.001213s ]
INFO: [ app_end ] --END-- [ RunTime:0.001313s ]

[ 2019-08-25T11:39:09+08:00 ] ::1 /blog/index.php/Home/article/article/id/2
INFO: [ app_init ] --START--
INFO: Run Behavior\BuildLiteBehavior [ RunTime:0.000021s ]
INFO: [ app_init ] --END-- [ RunTime:0.000524s ]
INFO: [ app_begin ] --START--
INFO: Run Behavior\ReadHtmlCacheBehavior [ RunTime:0.001177s ]
INFO: [ app_begin ] --END-- [ RunTime:0.001291s ]
SQL: SHOW COLUMNS FROM `bo_cate` [ RunTime:0.0005s ]
SQL: SELECT * FROM `bo_cate`  [ RunTime:0.0003s ]
SQL: SHOW COLUMNS FROM `bo_article` [ RunTime:0.0006s ]
SQL: SELECT * FROM `bo_article` WHERE `a_rem` = 1 LIMIT 3   [ RunTime:0.0003s ]
INFO: [ view_parse ] --START--
INFO: [ template_filter ] --START--
INFO: Run Behavior\ContentReplaceBehavior [ RunTime:0.000085s ]
INFO: [ template_filter ] --END-- [ RunTime:0.000180s ]
NOTIC: [8] Undefined index: a_id C:\wamp64\www\blog\Application\Runtime\Cache\Home\37d23b8de8b1006eeb4dee5f594561fd.php 第 92 行.
NOTIC: [8] Undefined variable: articles C:\wamp64\www\blog\Application\Runtime\Cache\Home\37d23b8de8b1006eeb4dee5f594561fd.php 第 92 行.
NOTIC: [8] Undefined variable: articles C:\wamp64\www\blog\Application\Runtime\Cache\Home\37d23b8de8b1006eeb4dee5f594561fd.php 第 95 行.
NOTIC: [8] Undefined variable: articles C:\wamp64\www\blog\Application\Runtime\Cache\Home\37d23b8de8b1006eeb4dee5f594561fd.php 第 97 行.
INFO: Run Behavior\ParseTemplateBehavior [ RunTime:0.016684s ]
INFO: [ view_parse ] --END-- [ RunTime:0.016790s ]
INFO: [ view_filter ] --START--
INFO: Run Behavior\WriteHtmlCacheBehavior [ RunTime:0.001193s ]
INFO: [ view_filter ] --END-- [ RunTime:0.001294s ]
INFO: [ app_end ] --START--
INFO: Run Behavior\ShowPageTraceBehavior [ RunTime:0.001937s ]
INFO: [ app_end ] --END-- [ RunTime:0.002136s ]

[ 2019-08-25T11:39:11+08:00 ] ::1 /blog/index.php/Home/article/article/id/2
INFO: [ app_init ] --START--
INFO: Run Behavior\BuildLiteBehavior [ RunTime:0.000025s ]
INFO: [ app_init ] --END-- [ RunTime:0.000648s ]
INFO: [ app_begin ] --START--
INFO: Run Behavior\ReadHtmlCacheBehavior [ RunTime:0.002534s ]
INFO: [ app_begin ] --END-- [ RunTime:0.002669s ]
SQL: SHOW COLUMNS FROM `bo_cate` [ RunTime:0.0005s ]
SQL: SELECT * FROM `bo_cate`  [ RunTime:0.0005s ]
SQL: SHOW COLUMNS FROM `bo_article` [ RunTime:0.0006s ]
SQL: SELECT * FROM `bo_article` WHERE `a_rem` = 1 LIMIT 3   [ RunTime:0.0003s ]
INFO: [ view_parse ] --START--
INFO: [ template_filter ] --START--
INFO: Run Behavior\ContentReplaceBehavior [ RunTime:0.000091s ]
INFO: [ template_filter ] --END-- [ RunTime:0.000184s ]
NOTIC: [8] Undefined index: a_id C:\wamp64\www\blog\Application\Runtime\Cache\Home\37d23b8de8b1006eeb4dee5f594561fd.php 第 92 行.
NOTIC: [8] Undefined variable: articles C:\wamp64\www\blog\Application\Runtime\Cache\Home\37d23b8de8b1006eeb4dee5f594561fd.php 第 92 行.
NOTIC: [8] Undefined variable: articles C:\wamp64\www\blog\Application\Runtime\Cache\Home\37d23b8de8b1006eeb4dee5f594561fd.php 第 95 行.
NOTIC: [8] Undefined variable: articles C:\wamp64\www\blog\Application\Runtime\Cache\Home\37d23b8de8b1006eeb4dee5f594561fd.php 第 97 行.
INFO: Run Behavior\ParseTemplateBehavior [ RunTime:0.017146s ]
INFO: [ view_parse ] --END-- [ RunTime:0.017245s ]
INFO: [ view_filter ] --START--
INFO: Run Behavior\WriteHtmlCacheBehavior [ RunTime:0.001174s ]
INFO: [ view_filter ] --END-- [ RunTime:0.001306s ]
INFO: [ app_end ] --START--
INFO: Run Behavior\ShowPageTraceBehavior [ RunTime:0.001697s ]
INFO: [ app_end ] --END-- [ RunTime:0.001908s ]

[ 2019-08-25T11:41:54+08:00 ] ::1 /blog/index.php/Home/article/article/id/2
INFO: [ app_init ] --START--
INFO: Run Behavior\BuildLiteBehavior [ RunTime:0.000022s ]
INFO: [ app_init ] --END-- [ RunTime:0.000570s ]
INFO: [ app_begin ] --START--
INFO: Run Behavior\ReadHtmlCacheBehavior [ RunTime:0.001527s ]
INFO: [ app_begin ] --END-- [ RunTime:0.001639s ]
SQL: SHOW COLUMNS FROM `bo_cate` [ RunTime:0.0007s ]
SQL: SELECT * FROM `bo_cate`  [ RunTime:0.0003s ]
SQL: SHOW COLUMNS FROM `bo_article` [ RunTime:0.0006s ]
SQL: SELECT * FROM `bo_article` WHERE `a_rem` = 1 LIMIT 3   [ RunTime:0.0003s ]
INFO: [ view_parse ] --START--
INFO: [ template_filter ] --START--
INFO: Run Behavior\ContentReplaceBehavior [ RunTime:0.000092s ]
INFO: [ template_filter ] --END-- [ RunTime:0.000191s ]
NOTIC: [8] Undefined variable: articles C:\wamp64\www\blog\Application\Runtime\Cache\Home\37d23b8de8b1006eeb4dee5f594561fd.php 第 92 行.
NOTIC: [8] Undefined variable: articles C:\wamp64\www\blog\Application\Runtime\Cache\Home\37d23b8de8b1006eeb4dee5f594561fd.php 第 95 行.
NOTIC: [8] Undefined variable: articles C:\wamp64\www\blog\Application\Runtime\Cache\Home\37d23b8de8b1006eeb4dee5f594561fd.php 第 97 行.
INFO: Run Behavior\ParseTemplateBehavior [ RunTime:0.029087s ]
INFO: [ view_parse ] --END-- [ RunTime:0.029192s ]
INFO: [ view_filter ] --START--
INFO: Run Behavior\WriteHtmlCacheBehavior [ RunTime:0.002763s ]
INFO: [ view_filter ] --END-- [ RunTime:0.002859s ]
INFO: [ app_end ] --START--
INFO: Run Behavior\ShowPageTraceBehavior [ RunTime:0.001464s ]
INFO: [ app_end ] --END-- [ RunTime:0.001566s ]

[ 2019-08-25T11:41:56+08:00 ] ::1 /blog/index.php/Home/article/article/id/2
INFO: [ app_init ] --START--
INFO: Run Behavior\BuildLiteBehavior [ RunTime:0.000023s ]
INFO: [ app_init ] --END-- [ RunTime:0.000746s ]
INFO: [ app_begin ] --START--
INFO: Run Behavior\ReadHtmlCacheBehavior [ RunTime:0.001159s ]
INFO: [ app_begin ] --END-- [ RunTime:0.001262s ]
SQL: SHOW COLUMNS FROM `bo_cate` [ RunTime:0.0006s ]
SQL: SELECT * FROM `bo_cate`  [ RunTime:0.0003s ]
SQL: SHOW COLUMNS FROM `bo_article` [ RunTime:0.0007s ]
SQL: SELECT * FROM `bo_article` WHERE `a_rem` = 1 LIMIT 3   [ RunTime:0.0004s ]
INFO: [ view_parse ] --START--
INFO: [ template_filter ] --START--
INFO: Run Behavior\ContentReplaceBehavior [ RunTime:0.000085s ]
INFO: [ template_filter ] --END-- [ RunTime:0.000177s ]
NOTIC: [8] Undefined variable: articles C:\wamp64\www\blog\Application\Runtime\Cache\Home\37d23b8de8b1006eeb4dee5f594561fd.php 第 92 行.
NOTIC: [8] Undefined variable: articles C:\wamp64\www\blog\Application\Runtime\Cache\Home\37d23b8de8b1006eeb4dee5f594561fd.php 第 95 行.
NOTIC: [8] Undefined variable: articles C:\wamp64\www\blog\Application\Runtime\Cache\Home\37d23b8de8b1006eeb4dee5f594561fd.php 第 97 行.
INFO: Run Behavior\ParseTemplateBehavior [ RunTime:0.022449s ]
INFO: [ view_parse ] --END-- [ RunTime:0.022741s ]
INFO: [ view_filter ] --START--
INFO: Run Behavior\WriteHtmlCacheBehavior [ RunTime:0.001611s ]
INFO: [ view_filter ] --END-- [ RunTime:0.001752s ]
INFO: [ app_end ] --START--
INFO: Run Behavior\ShowPageTraceBehavior [ RunTime:0.001407s ]
INFO: [ app_end ] --END-- [ RunTime:0.001503s ]

[ 2019-08-25T11:41:58+08:00 ] ::1 /blog/index.php/Home/index/index
INFO: [ app_init ] --START--
INFO: Run Behavior\BuildLiteBehavior [ RunTime:0.000072s ]
INFO: [ app_init ] --END-- [ RunTime:0.000940s ]
INFO: [ app_begin ] --START--
INFO: Run Behavior\ReadHtmlCacheBehavior [ RunTime:0.001168s ]
INFO: [ app_begin ] --END-- [ RunTime:0.001277s ]
SQL: SHOW COLUMNS FROM `bo_cate` [ RunTime:0.0005s ]
SQL: SELECT * FROM `bo_cate`  [ RunTime:0.0003s ]
SQL: SHOW COLUMNS FROM `bo_article` [ RunTime:0.0006s ]
SQL: SELECT * FROM `bo_article` WHERE `a_rem` = 1 LIMIT 3   [ RunTime:0.0003s ]
SQL: SHOW COLUMNS FROM `bo_first` [ RunTime:0.0009s ]
SQL: SELECT COUNT(*) AS tp_count FROM `bo_first` LIMIT 1   [ RunTime:0.0003s ]
SQL: SELECT * FROM `bo_first` LIMIT 0,7   [ RunTime:0.0004s ]
INFO: [ view_parse ] --START--
INFO: [ template_filter ] --START--
INFO: Run Behavior\ContentReplaceBehavior [ RunTime:0.000131s ]
INFO: [ template_filter ] --END-- [ RunTime:0.000245s ]
INFO: Run Behavior\ParseTemplateBehavior [ RunTime:0.021062s ]
INFO: [ view_parse ] --END-- [ RunTime:0.021220s ]
INFO: [ view_filter ] --START--
INFO: Run Behavior\WriteHtmlCacheBehavior [ RunTime:0.002331s ]
INFO: [ view_filter ] --END-- [ RunTime:0.002505s ]
INFO: [ app_end ] --START--
INFO: Run Behavior\ShowPageTraceBehavior [ RunTime:0.002669s ]
INFO: [ app_end ] --END-- [ RunTime:0.002932s ]

[ 2019-08-25T11:41:59+08:00 ] ::1 /blog/index.php/Home/article/article/id/2
INFO: [ app_init ] --START--
INFO: Run Behavior\BuildLiteBehavior [ RunTime:0.000021s ]
INFO: [ app_init ] --END-- [ RunTime:0.000536s ]
INFO: [ app_begin ] --START--
INFO: Run Behavior\ReadHtmlCacheBehavior [ RunTime:0.001378s ]
INFO: [ app_begin ] --END-- [ RunTime:0.001528s ]
SQL: SHOW COLUMNS FROM `bo_cate` [ RunTime:0.0005s ]
SQL: SELECT * FROM `bo_cate`  [ RunTime:0.0003s ]
SQL: SHOW COLUMNS FROM `bo_article` [ RunTime:0.0005s ]
SQL: SELECT * FROM `bo_article` WHERE `a_rem` = 1 LIMIT 3   [ RunTime:0.0003s ]
INFO: [ view_parse ] --START--
INFO: [ template_filter ] --START--
INFO: Run Behavior\ContentReplaceBehavior [ RunTime:0.000093s ]
INFO: [ template_filter ] --END-- [ RunTime:0.000185s ]
NOTIC: [8] Undefined variable: articles C:\wamp64\www\blog\Application\Runtime\Cache\Home\37d23b8de8b1006eeb4dee5f594561fd.php 第 92 行.
NOTIC: [8] Undefined variable: articles C:\wamp64\www\blog\Application\Runtime\Cache\Home\37d23b8de8b1006eeb4dee5f594561fd.php 第 95 行.
NOTIC: [8] Undefined variable: articles C:\wamp64\www\blog\Application\Runtime\Cache\Home\37d23b8de8b1006eeb4dee5f594561fd.php 第 97 行.
INFO: Run Behavior\ParseTemplateBehavior [ RunTime:0.018961s ]
INFO: [ view_parse ] --END-- [ RunTime:0.019124s ]
INFO: [ view_filter ] --START--
INFO: Run Behavior\WriteHtmlCacheBehavior [ RunTime:0.001162s ]
INFO: [ view_filter ] --END-- [ RunTime:0.001260s ]
INFO: [ app_end ] --START--
INFO: Run Behavior\ShowPageTraceBehavior [ RunTime:0.001304s ]
INFO: [ app_end ] --END-- [ RunTime:0.001457s ]

[ 2019-08-25T11:42:00+08:00 ] ::1 /blog/index.php/Home/index/index
INFO: [ app_init ] --START--
INFO: Run Behavior\BuildLiteBehavior [ RunTime:0.000022s ]
INFO: [ app_init ] --END-- [ RunTime:0.000697s ]
INFO: [ app_begin ] --START--
INFO: Run Behavior\ReadHtmlCacheBehavior [ RunTime:0.001171s ]
INFO: [ app_begin ] --END-- [ RunTime:0.001298s ]
SQL: SHOW COLUMNS FROM `bo_cate` [ RunTime:0.0008s ]
SQL: SELECT * FROM `bo_cate`  [ RunTime:0.0005s ]
SQL: SHOW COLUMNS FROM `bo_article` [ RunTime:0.0007s ]
SQL: SELECT * FROM `bo_article` WHERE `a_rem` = 1 LIMIT 3   [ RunTime:0.0004s ]
SQL: SHOW COLUMNS FROM `bo_first` [ RunTime:0.0026s ]
SQL: SELECT COUNT(*) AS tp_count FROM `bo_first` LIMIT 1   [ RunTime:0.0011s ]
SQL: SELECT * FROM `bo_first` LIMIT 0,7   [ RunTime:0.0004s ]
INFO: [ view_parse ] --START--
INFO: [ template_filter ] --START--
INFO: Run Behavior\ContentReplaceBehavior [ RunTime:0.000132s ]
INFO: [ template_filter ] --END-- [ RunTime:0.000227s ]
INFO: Run Behavior\ParseTemplateBehavior [ RunTime:0.017667s ]
INFO: [ view_parse ] --END-- [ RunTime:0.017770s ]
INFO: [ view_filter ] --START--
INFO: Run Behavior\WriteHtmlCacheBehavior [ RunTime:0.001049s ]
INFO: [ view_filter ] --END-- [ RunTime:0.001138s ]
INFO: [ app_end ] --START--
INFO: Run Behavior\ShowPageTraceBehavior [ RunTime:0.001650s ]
INFO: [ app_end ] --END-- [ RunTime:0.001785s ]

[ 2019-08-25T11:42:14+08:00 ] ::1 /blog/index.php/Home/article/index
INFO: [ app_init ] --START--
INFO: Run Behavior\BuildLiteBehavior [ RunTime:0.000038s ]
INFO: [ app_init ] --END-- [ RunTime:0.001130s ]
INFO: [ app_begin ] --START--
INFO: Run Behavior\ReadHtmlCacheBehavior [ RunTime:0.001205s ]
INFO: [ app_begin ] --END-- [ RunTime:0.001330s ]
SQL: SHOW COLUMNS FROM `bo_cate` [ RunTime:0.0006s ]
SQL: SELECT * FROM `bo_cate`  [ RunTime:0.0004s ]
SQL: SHOW COLUMNS FROM `bo_article` [ RunTime:0.0011s ]
SQL: SELECT * FROM `bo_article` WHERE `a_rem` = 1 LIMIT 3   [ RunTime:0.0004s ]
INFO: [ view_parse ] --START--
INFO: [ template_filter ] --START--
INFO: Run Behavior\ContentReplaceBehavior [ RunTime:0.000173s ]
INFO: [ template_filter ] --END-- [ RunTime:0.000472s ]
INFO: Run Behavior\ParseTemplateBehavior [ RunTime:0.019026s ]
INFO: [ view_parse ] --END-- [ RunTime:0.019133s ]
INFO: [ view_filter ] --START--
INFO: Run Behavior\WriteHtmlCacheBehavior [ RunTime:0.001138s ]
INFO: [ view_filter ] --END-- [ RunTime:0.001233s ]
INFO: [ app_end ] --START--
INFO: Run Behavior\ShowPageTraceBehavior [ RunTime:0.003650s ]
INFO: [ app_end ] --END-- [ RunTime:0.003839s ]

[ 2019-08-25T11:42:16+08:00 ] ::1 /blog/index.php/Home/about/index
INFO: [ app_init ] --START--
INFO: Run Behavior\BuildLiteBehavior [ RunTime:0.000074s ]
INFO: [ app_init ] --END-- [ RunTime:0.001318s ]
INFO: [ app_begin ] --START--
INFO: Run Behavior\ReadHtmlCacheBehavior [ RunTime:0.001119s ]
INFO: [ app_begin ] --END-- [ RunTime:0.001235s ]
SQL: SHOW COLUMNS FROM `bo_cate` [ RunTime:0.0009s ]
SQL: SELECT * FROM `bo_cate`  [ RunTime:0.0003s ]
SQL: SHOW COLUMNS FROM `bo_article` [ RunTime:0.0006s ]
SQL: SELECT * FROM `bo_article` WHERE `a_rem` = 1 LIMIT 3   [ RunTime:0.0004s ]
INFO: [ view_parse ] --START--
INFO: [ template_filter ] --START--
INFO: Run Behavior\ContentReplaceBehavior [ RunTime:0.000101s ]
INFO: [ template_filter ] --END-- [ RunTime:0.000209s ]
INFO: Run Behavior\ParseTemplateBehavior [ RunTime:0.017649s ]
INFO: [ view_parse ] --END-- [ RunTime:0.017832s ]
INFO: [ view_filter ] --START--
INFO: Run Behavior\WriteHtmlCacheBehavior [ RunTime:0.001417s ]
INFO: [ view_filter ] --END-- [ RunTime:0.001650s ]
INFO: [ app_end ] --START--
INFO: Run Behavior\ShowPageTraceBehavior [ RunTime:0.001864s ]
INFO: [ app_end ] --END-- [ RunTime:0.002146s ]

[ 2019-08-25T11:42:17+08:00 ] ::1 /blog/index.php/Home/index/index
INFO: [ app_init ] --START--
INFO: Run Behavior\BuildLiteBehavior [ RunTime:0.000021s ]
INFO: [ app_init ] --END-- [ RunTime:0.000542s ]
INFO: [ app_begin ] --START--
INFO: Run Behavior\ReadHtmlCacheBehavior [ RunTime:0.002791s ]
INFO: [ app_begin ] --END-- [ RunTime:0.003161s ]
SQL: SHOW COLUMNS FROM `bo_cate` [ RunTime:0.0006s ]
SQL: SELECT * FROM `bo_cate`  [ RunTime:0.0003s ]
SQL: SHOW COLUMNS FROM `bo_article` [ RunTime:0.0006s ]
SQL: SELECT * FROM `bo_article` WHERE `a_rem` = 1 LIMIT 3   [ RunTime:0.0018s ]
SQL: SHOW COLUMNS FROM `bo_first` [ RunTime:0.0006s ]
SQL: SELECT COUNT(*) AS tp_count FROM `bo_first` LIMIT 1   [ RunTime:0.0002s ]
SQL: SELECT * FROM `bo_first` LIMIT 0,7   [ RunTime:0.0004s ]
INFO: [ view_parse ] --START--
INFO: [ template_filter ] --START--
INFO: Run Behavior\ContentReplaceBehavior [ RunTime:0.000129s ]
INFO: [ template_filter ] --END-- [ RunTime:0.000229s ]
INFO: Run Behavior\ParseTemplateBehavior [ RunTime:0.017613s ]
INFO: [ view_parse ] --END-- [ RunTime:0.017715s ]
INFO: [ view_filter ] --START--
INFO: Run Behavior\WriteHtmlCacheBehavior [ RunTime:0.001967s ]
INFO: [ view_filter ] --END-- [ RunTime:0.002127s ]
INFO: [ app_end ] --START--
INFO: Run Behavior\ShowPageTraceBehavior [ RunTime:0.002326s ]
INFO: [ app_end ] --END-- [ RunTime:0.002598s ]

[ 2019-08-25T13:48:11+08:00 ] ::1 /blog/
INFO: [ app_init ] --START--
INFO: Run Behavior\BuildLiteBehavior [ RunTime:0.000026s ]
INFO: [ app_init ] --END-- [ RunTime:0.001030s ]
INFO: [ app_begin ] --START--
INFO: Run Behavior\ReadHtmlCacheBehavior [ RunTime:0.002361s ]
INFO: [ app_begin ] --END-- [ RunTime:0.002597s ]
SQL: SHOW COLUMNS FROM `bo_cate` [ RunTime:0.0079s ]
SQL: SELECT * FROM `bo_cate`  [ RunTime:0.0003s ]
SQL: SHOW COLUMNS FROM `bo_article` [ RunTime:0.0017s ]
SQL: SELECT * FROM `bo_article` WHERE `a_rem` = 1 LIMIT 3   [ RunTime:0.0007s ]
SQL: SHOW COLUMNS FROM `bo_first` [ RunTime:0.0042s ]
SQL: SELECT COUNT(*) AS tp_count FROM `bo_first` LIMIT 1   [ RunTime:0.0005s ]
SQL: SELECT * FROM `bo_first` LIMIT 0,7   [ RunTime:0.0005s ]
INFO: [ view_parse ] --START--
INFO: [ template_filter ] --START--
INFO: Run Behavior\ContentReplaceBehavior [ RunTime:0.000113s ]
INFO: [ template_filter ] --END-- [ RunTime:0.000214s ]
INFO: Run Behavior\ParseTemplateBehavior [ RunTime:0.030649s ]
INFO: [ view_parse ] --END-- [ RunTime:0.030769s ]
INFO: [ view_filter ] --START--
INFO: Run Behavior\WriteHtmlCacheBehavior [ RunTime:0.001312s ]
INFO: [ view_filter ] --END-- [ RunTime:0.001414s ]
INFO: [ app_end ] --START--
INFO: Run Behavior\ShowPageTraceBehavior [ RunTime:0.002014s ]
INFO: [ app_end ] --END-- [ RunTime:0.002260s ]

[ 2019-08-25T13:48:13+08:00 ] ::1 /blog/index.php/Home/index/index
INFO: [ app_init ] --START--
INFO: Run Behavior\BuildLiteBehavior [ RunTime:0.000021s ]
INFO: [ app_init ] --END-- [ RunTime:0.000523s ]
INFO: [ app_begin ] --START--
INFO: Run Behavior\ReadHtmlCacheBehavior [ RunTime:0.000720s ]
INFO: [ app_begin ] --END-- [ RunTime:0.000824s ]
SQL: SHOW COLUMNS FROM `bo_cate` [ RunTime:0.0013s ]
SQL: SELECT * FROM `bo_cate`  [ RunTime:0.0003s ]
SQL: SHOW COLUMNS FROM `bo_article` [ RunTime:0.0013s ]
SQL: SELECT * FROM `bo_article` WHERE `a_rem` = 1 LIMIT 3   [ RunTime:0.0004s ]
SQL: SHOW COLUMNS FROM `bo_first` [ RunTime:0.0013s ]
SQL: SELECT COUNT(*) AS tp_count FROM `bo_first` LIMIT 1   [ RunTime:0.0002s ]
SQL: SELECT * FROM `bo_first` LIMIT 0,7   [ RunTime:0.0003s ]
INFO: [ view_parse ] --START--
INFO: [ template_filter ] --START--
INFO: Run Behavior\ContentReplaceBehavior [ RunTime:0.000120s ]
INFO: [ template_filter ] --END-- [ RunTime:0.000213s ]
INFO: Run Behavior\ParseTemplateBehavior [ RunTime:0.014124s ]
INFO: [ view_parse ] --END-- [ RunTime:0.014231s ]
INFO: [ view_filter ] --START--
INFO: Run Behavior\WriteHtmlCacheBehavior [ RunTime:0.000749s ]
INFO: [ view_filter ] --END-- [ RunTime:0.000881s ]
INFO: [ app_end ] --START--
INFO: Run Behavior\ShowPageTraceBehavior [ RunTime:0.001308s ]
INFO: [ app_end ] --END-- [ RunTime:0.001473s ]

[ 2019-08-25T14:41:21+08:00 ] ::1 /blog/index.php/Home/index/index
INFO: [ app_init ] --START--
INFO: Run Behavior\BuildLiteBehavior [ RunTime:0.000024s ]
INFO: [ app_init ] --END-- [ RunTime:0.000684s ]
INFO: [ app_begin ] --START--
INFO: Run Behavior\ReadHtmlCacheBehavior [ RunTime:0.003264s ]
INFO: [ app_begin ] --END-- [ RunTime:0.003424s ]
SQL: SHOW COLUMNS FROM `bo_cate` [ RunTime:0.0014s ]
SQL: SELECT * FROM `bo_cate`  [ RunTime:0.0004s ]
SQL: SHOW COLUMNS FROM `bo_article` [ RunTime:0.0019s ]
SQL: SELECT * FROM `bo_article` WHERE `a_rem` = 1 LIMIT 3   [ RunTime:0.0005s ]
SQL: SHOW COLUMNS FROM `bo_first` [ RunTime:0.0014s ]
SQL: SELECT COUNT(*) AS tp_count FROM `bo_first` LIMIT 1   [ RunTime:0.0003s ]
SQL: SELECT * FROM `bo_first` LIMIT 0,7   [ RunTime:0.0004s ]
INFO: [ view_parse ] --START--
INFO: [ template_filter ] --START--
INFO: Run Behavior\ContentReplaceBehavior [ RunTime:0.000222s ]
INFO: [ template_filter ] --END-- [ RunTime:0.000393s ]
INFO: Run Behavior\ParseTemplateBehavior [ RunTime:0.027039s ]
INFO: [ view_parse ] --END-- [ RunTime:0.027184s ]
INFO: [ view_filter ] --START--
INFO: Run Behavior\WriteHtmlCacheBehavior [ RunTime:0.000828s ]
INFO: [ view_filter ] --END-- [ RunTime:0.000924s ]
INFO: [ app_end ] --START--
INFO: Run Behavior\ShowPageTraceBehavior [ RunTime:0.001398s ]
INFO: [ app_end ] --END-- [ RunTime:0.001543s ]

[ 2019-08-25T14:41:32+08:00 ] ::1 /blog/index.php/Home/Index/article/id/5
INFO: [ app_init ] --START--
INFO: Run Behavior\BuildLiteBehavior [ RunTime:0.000025s ]
INFO: [ app_init ] --END-- [ RunTime:0.002604s ]
INFO: [ app_begin ] --START--
INFO: Run Behavior\ReadHtmlCacheBehavior [ RunTime:0.000920s ]
INFO: [ app_begin ] --END-- [ RunTime:0.001023s ]
SQL: SHOW COLUMNS FROM `bo_cate` [ RunTime:0.0017s ]
SQL: SELECT * FROM `bo_cate`  [ RunTime:0.0006s ]
SQL: SHOW COLUMNS FROM `bo_article` [ RunTime:0.0014s ]
SQL: SELECT * FROM `bo_article` WHERE `a_rem` = 1 LIMIT 3   [ RunTime:0.0004s ]
SQL: SHOW COLUMNS FROM `bo_first` [ RunTime:0.0016s ]
SQL: SELECT * FROM `bo_first` WHERE `f_id` = 5 LIMIT 1   [ RunTime:0.0029s ]
INFO: [ view_parse ] --START--
INFO: [ template_filter ] --START--
INFO: Run Behavior\ContentReplaceBehavior [ RunTime:0.000348s ]
INFO: [ template_filter ] --END-- [ RunTime:0.000902s ]
INFO: Run Behavior\ParseTemplateBehavior [ RunTime:0.016805s ]
INFO: [ view_parse ] --END-- [ RunTime:0.016934s ]
INFO: [ view_filter ] --START--
INFO: Run Behavior\WriteHtmlCacheBehavior [ RunTime:0.000740s ]
INFO: [ view_filter ] --END-- [ RunTime:0.000831s ]
INFO: [ app_end ] --START--
INFO: Run Behavior\ShowPageTraceBehavior [ RunTime:0.001576s ]
INFO: [ app_end ] --END-- [ RunTime:0.001804s ]

[ 2019-08-25T14:41:35+08:00 ] ::1 /blog/index.php/Home/article/index
INFO: [ app_init ] --START--
INFO: Run Behavior\BuildLiteBehavior [ RunTime:0.000023s ]
INFO: [ app_init ] --END-- [ RunTime:0.000657s ]
INFO: [ app_begin ] --START--
INFO: Run Behavior\ReadHtmlCacheBehavior [ RunTime:0.000892s ]
INFO: [ app_begin ] --END-- [ RunTime:0.001015s ]
SQL: SHOW COLUMNS FROM `bo_cate` [ RunTime:0.0020s ]
SQL: SELECT * FROM `bo_cate`  [ RunTime:0.0005s ]
SQL: SHOW COLUMNS FROM `bo_article` [ RunTime:0.0041s ]
SQL: SELECT * FROM `bo_article` WHERE `a_rem` = 1 LIMIT 3   [ RunTime:0.0011s ]
INFO: [ view_parse ] --START--
INFO: [ template_filter ] --START--
INFO: Run Behavior\ContentReplaceBehavior [ RunTime:0.000125s ]
INFO: [ template_filter ] --END-- [ RunTime:0.000291s ]
INFO: Run Behavior\ParseTemplateBehavior [ RunTime:0.019347s ]
INFO: [ view_parse ] --END-- [ RunTime:0.019459s ]
INFO: [ view_filter ] --START--
INFO: Run Behavior\WriteHtmlCacheBehavior [ RunTime:0.000879s ]
INFO: [ view_filter ] --END-- [ RunTime:0.001018s ]
INFO: [ app_end ] --START--
INFO: Run Behavior\ShowPageTraceBehavior [ RunTime:0.001731s ]
INFO: [ app_end ] --END-- [ RunTime:0.001948s ]

[ 2019-08-25T14:41:37+08:00 ] ::1 /blog/index.php/Home/index/index
INFO: [ app_init ] --START--
INFO: Run Behavior\BuildLiteBehavior [ RunTime:0.000021s ]
INFO: [ app_init ] --END-- [ RunTime:0.000583s ]
INFO: [ app_begin ] --START--
INFO: Run Behavior\ReadHtmlCacheBehavior [ RunTime:0.003788s ]
INFO: [ app_begin ] --END-- [ RunTime:0.004083s ]
SQL: SHOW COLUMNS FROM `bo_cate` [ RunTime:0.0045s ]
SQL: SELECT * FROM `bo_cate`  [ RunTime:0.0005s ]
SQL: SHOW COLUMNS FROM `bo_article` [ RunTime:0.0066s ]
SQL: SELECT * FROM `bo_article` WHERE `a_rem` = 1 LIMIT 3   [ RunTime:0.0004s ]
SQL: SHOW COLUMNS FROM `bo_first` [ RunTime:0.0014s ]
SQL: SELECT COUNT(*) AS tp_count FROM `bo_first` LIMIT 1   [ RunTime:0.0003s ]
SQL: SELECT * FROM `bo_first` LIMIT 0,7   [ RunTime:0.0005s ]
INFO: [ view_parse ] --START--
INFO: [ template_filter ] --START--
INFO: Run Behavior\ContentReplaceBehavior [ RunTime:0.000116s ]
INFO: [ template_filter ] --END-- [ RunTime:0.000212s ]
INFO: Run Behavior\ParseTemplateBehavior [ RunTime:0.016244s ]
INFO: [ view_parse ] --END-- [ RunTime:0.016351s ]
INFO: [ view_filter ] --START--
INFO: Run Behavior\WriteHtmlCacheBehavior [ RunTime:0.000773s ]
INFO: [ view_filter ] --END-- [ RunTime:0.000868s ]
INFO: [ app_end ] --START--
INFO: Run Behavior\ShowPageTraceBehavior [ RunTime:0.002667s ]
INFO: [ app_end ] --END-- [ RunTime:0.002990s ]

[ 2019-08-25T14:45:51+08:00 ] ::1 /blog/index.php/Home/index/index
INFO: [ app_init ] --START--
INFO: Run Behavior\BuildLiteBehavior [ RunTime:0.000022s ]
INFO: [ app_init ] --END-- [ RunTime:0.000792s ]
INFO: [ app_begin ] --START--
INFO: Run Behavior\ReadHtmlCacheBehavior [ RunTime:0.001758s ]
INFO: [ app_begin ] --END-- [ RunTime:0.001936s ]
SQL: SHOW COLUMNS FROM `bo_cate` [ RunTime:0.0027s ]
SQL: SELECT * FROM `bo_cate`  [ RunTime:0.0007s ]
SQL: SHOW COLUMNS FROM `bo_article` [ RunTime:0.0015s ]
SQL: SELECT * FROM `bo_article` WHERE `a_rem` = 1 LIMIT 3   [ RunTime:0.0003s ]
SQL: SHOW COLUMNS FROM `bo_first` [ RunTime:0.0014s ]
SQL: SELECT COUNT(*) AS tp_count FROM `bo_first` LIMIT 1   [ RunTime:0.0003s ]
SQL: SELECT * FROM `bo_first` LIMIT 0,7   [ RunTime:0.0005s ]
INFO: [ view_parse ] --START--
INFO: [ template_filter ] --START--
INFO: Run Behavior\ContentReplaceBehavior [ RunTime:0.000213s ]
INFO: [ template_filter ] --END-- [ RunTime:0.000420s ]
INFO: Run Behavior\ParseTemplateBehavior [ RunTime:0.024979s ]
INFO: [ view_parse ] --END-- [ RunTime:0.025128s ]
INFO: [ view_filter ] --START--
INFO: Run Behavior\WriteHtmlCacheBehavior [ RunTime:0.000933s ]
INFO: [ view_filter ] --END-- [ RunTime:0.001022s ]
INFO: [ app_end ] --START--
INFO: Run Behavior\ShowPageTraceBehavior [ RunTime:0.001877s ]
INFO: [ app_end ] --END-- [ RunTime:0.002073s ]

[ 2019-08-25T14:45:58+08:00 ] ::1 /blog/index.php/Home/index/index
INFO: [ app_init ] --START--
INFO: Run Behavior\BuildLiteBehavior [ RunTime:0.000041s ]
INFO: [ app_init ] --END-- [ RunTime:0.001176s ]
INFO: [ app_begin ] --START--
INFO: Run Behavior\ReadHtmlCacheBehavior [ RunTime:0.001203s ]
INFO: [ app_begin ] --END-- [ RunTime:0.001350s ]
SQL: SHOW COLUMNS FROM `bo_cate` [ RunTime:0.0091s ]
SQL: SELECT * FROM `bo_cate`  [ RunTime:0.0006s ]
SQL: SHOW COLUMNS FROM `bo_article` [ RunTime:0.0022s ]
SQL: SELECT * FROM `bo_article` WHERE `a_rem` = 1 LIMIT 3   [ RunTime:0.0005s ]
SQL: SHOW COLUMNS FROM `bo_first` [ RunTime:0.0044s ]
SQL: SELECT COUNT(*) AS tp_count FROM `bo_first` LIMIT 1   [ RunTime:0.0005s ]
SQL: SELECT * FROM `bo_first` LIMIT 0,7   [ RunTime:0.0021s ]
INFO: [ view_parse ] --START--
INFO: [ template_filter ] --START--
INFO: Run Behavior\ContentReplaceBehavior [ RunTime:0.000102s ]
INFO: [ template_filter ] --END-- [ RunTime:0.000199s ]
INFO: Run Behavior\ParseTemplateBehavior [ RunTime:0.026685s ]
INFO: [ view_parse ] --END-- [ RunTime:0.026892s ]
INFO: [ view_filter ] --START--
INFO: Run Behavior\WriteHtmlCacheBehavior [ RunTime:0.000678s ]
INFO: [ view_filter ] --END-- [ RunTime:0.000776s ]
INFO: [ app_end ] --START--
INFO: Run Behavior\ShowPageTraceBehavior [ RunTime:0.001738s ]
INFO: [ app_end ] --END-- [ RunTime:0.001873s ]

[ 2019-08-25T14:46:12+08:00 ] ::1 /blog/index.php/Home/index/index
INFO: [ app_init ] --START--
INFO: Run Behavior\BuildLiteBehavior [ RunTime:0.000022s ]
INFO: [ app_init ] --END-- [ RunTime:0.000844s ]
INFO: [ app_begin ] --START--
INFO: Run Behavior\ReadHtmlCacheBehavior [ RunTime:0.001424s ]
INFO: [ app_begin ] --END-- [ RunTime:0.001542s ]
SQL: SHOW COLUMNS FROM `bo_cate` [ RunTime:0.0014s ]
SQL: SELECT * FROM `bo_cate`  [ RunTime:0.0005s ]
SQL: SHOW COLUMNS FROM `bo_article` [ RunTime:0.0019s ]
SQL: SELECT * FROM `bo_article` WHERE `a_rem` = 1 LIMIT 3   [ RunTime:0.0005s ]
SQL: SHOW COLUMNS FROM `bo_first` [ RunTime:0.0015s ]
SQL: SELECT COUNT(*) AS tp_count FROM `bo_first` LIMIT 1   [ RunTime:0.0005s ]
SQL: SELECT * FROM `bo_first` LIMIT 0,7   [ RunTime:0.0013s ]
INFO: [ view_parse ] --START--
INFO: [ template_filter ] --START--
INFO: Run Behavior\ContentReplaceBehavior [ RunTime:0.000104s ]
INFO: [ template_filter ] --END-- [ RunTime:0.000210s ]
INFO: Run Behavior\ParseTemplateBehavior [ RunTime:0.024138s ]
INFO: [ view_parse ] --END-- [ RunTime:0.024317s ]
INFO: [ view_filter ] --START--
INFO: Run Behavior\WriteHtmlCacheBehavior [ RunTime:0.001400s ]
INFO: [ view_filter ] --END-- [ RunTime:0.001536s ]
INFO: [ app_end ] --START--
INFO: Run Behavior\ShowPageTraceBehavior [ RunTime:0.001562s ]
INFO: [ app_end ] --END-- [ RunTime:0.001668s ]

[ 2019-08-25T14:46:13+08:00 ] ::1 /blog/index.php/Home/index/index
INFO: [ app_init ] --START--
INFO: Run Behavior\BuildLiteBehavior [ RunTime:0.000041s ]
INFO: [ app_init ] --END-- [ RunTime:0.000964s ]
INFO: [ app_begin ] --START--
INFO: Run Behavior\ReadHtmlCacheBehavior [ RunTime:0.005257s ]
INFO: [ app_begin ] --END-- [ RunTime:0.005474s ]
SQL: SHOW COLUMNS FROM `bo_cate` [ RunTime:0.0007s ]
SQL: SELECT * FROM `bo_cate`  [ RunTime:0.0004s ]
SQL: SHOW COLUMNS FROM `bo_article` [ RunTime:0.0011s ]
SQL: SELECT * FROM `bo_article` WHERE `a_rem` = 1 LIMIT 3   [ RunTime:0.0006s ]
SQL: SHOW COLUMNS FROM `bo_first` [ RunTime:0.0038s ]
SQL: SELECT COUNT(*) AS tp_count FROM `bo_first` LIMIT 1   [ RunTime:0.0004s ]
SQL: SELECT * FROM `bo_first` LIMIT 0,7   [ RunTime:0.0016s ]
INFO: [ view_parse ] --START--
INFO: [ template_filter ] --START--
INFO: Run Behavior\ContentReplaceBehavior [ RunTime:0.000485s ]
INFO: [ template_filter ] --END-- [ RunTime:0.000982s ]
INFO: Run Behavior\ParseTemplateBehavior [ RunTime:0.050316s ]
INFO: [ view_parse ] --END-- [ RunTime:0.050496s ]
INFO: [ view_filter ] --START--
INFO: Run Behavior\WriteHtmlCacheBehavior [ RunTime:0.006320s ]
INFO: [ view_filter ] --END-- [ RunTime:0.006504s ]
INFO: [ app_end ] --START--
INFO: Run Behavior\ShowPageTraceBehavior [ RunTime:0.015710s ]
INFO: [ app_end ] --END-- [ RunTime:0.015927s ]

[ 2019-08-25T14:46:59+08:00 ] ::1 /blog/index.php/Home/index/index
INFO: [ app_init ] --START--
INFO: Run Behavior\BuildLiteBehavior [ RunTime:0.000027s ]
INFO: [ app_init ] --END-- [ RunTime:0.000660s ]
INFO: [ app_begin ] --START--
INFO: Run Behavior\ReadHtmlCacheBehavior [ RunTime:0.000966s ]
INFO: [ app_begin ] --END-- [ RunTime:0.001078s ]
SQL: SHOW COLUMNS FROM `bo_cate` [ RunTime:0.0007s ]
SQL: SELECT * FROM `bo_cate`  [ RunTime:0.0004s ]
SQL: SHOW COLUMNS FROM `bo_article` [ RunTime:0.0011s ]
SQL: SELECT * FROM `bo_article` WHERE `a_rem` = 1 LIMIT 3   [ RunTime:0.0004s ]
SQL: SHOW COLUMNS FROM `bo_first` [ RunTime:0.0008s ]
SQL: SELECT COUNT(*) AS tp_count FROM `bo_first` LIMIT 1   [ RunTime:0.0005s ]
SQL: SELECT * FROM `bo_first` LIMIT 0,7   [ RunTime:0.0004s ]
INFO: [ view_parse ] --START--
INFO: [ template_filter ] --START--
INFO: Run Behavior\ContentReplaceBehavior [ RunTime:0.000187s ]
INFO: [ template_filter ] --END-- [ RunTime:0.000379s ]
INFO: Run Behavior\ParseTemplateBehavior [ RunTime:0.021967s ]
INFO: [ view_parse ] --END-- [ RunTime:0.022074s ]
INFO: [ view_filter ] --START--
INFO: Run Behavior\WriteHtmlCacheBehavior [ RunTime:0.001257s ]
INFO: [ view_filter ] --END-- [ RunTime:0.001422s ]
INFO: [ app_end ] --START--
INFO: Run Behavior\ShowPageTraceBehavior [ RunTime:0.001867s ]
INFO: [ app_end ] --END-- [ RunTime:0.002019s ]

[ 2019-08-25T14:46:59+08:00 ] ::1 /blog/index.php/Home/index/index
INFO: [ app_init ] --START--
INFO: Run Behavior\BuildLiteBehavior [ RunTime:0.000028s ]
INFO: [ app_init ] --END-- [ RunTime:0.001041s ]
INFO: [ app_begin ] --START--
INFO: Run Behavior\ReadHtmlCacheBehavior [ RunTime:0.007126s ]
INFO: [ app_begin ] --END-- [ RunTime:0.007388s ]
SQL: SHOW COLUMNS FROM `bo_cate` [ RunTime:0.0023s ]
SQL: SELECT * FROM `bo_cate`  [ RunTime:0.0005s ]
SQL: SHOW COLUMNS FROM `bo_article` [ RunTime:0.0022s ]
SQL: SELECT * FROM `bo_article` WHERE `a_rem` = 1 LIMIT 3   [ RunTime:0.0010s ]
SQL: SHOW COLUMNS FROM `bo_first` [ RunTime:0.0055s ]
SQL: SELECT COUNT(*) AS tp_count FROM `bo_first` LIMIT 1   [ RunTime:0.0004s ]
SQL: SELECT * FROM `bo_first` LIMIT 0,7   [ RunTime:0.0005s ]
INFO: [ view_parse ] --START--
INFO: [ template_filter ] --START--
INFO: Run Behavior\ContentReplaceBehavior [ RunTime:0.000201s ]
INFO: [ template_filter ] --END-- [ RunTime:0.000495s ]
INFO: Run Behavior\ParseTemplateBehavior [ RunTime:0.038049s ]
INFO: [ view_parse ] --END-- [ RunTime:0.038223s ]
INFO: [ view_filter ] --START--
INFO: Run Behavior\WriteHtmlCacheBehavior [ RunTime:0.001287s ]
INFO: [ view_filter ] --END-- [ RunTime:0.001668s ]
INFO: [ app_end ] --START--
INFO: Run Behavior\ShowPageTraceBehavior [ RunTime:0.002552s ]
INFO: [ app_end ] --END-- [ RunTime:0.002915s ]

[ 2019-08-25T14:47:03+08:00 ] ::1 /blog/index.php/Home/index/index
INFO: [ app_init ] --START--
INFO: Run Behavior\BuildLiteBehavior [ RunTime:0.000020s ]
INFO: [ app_init ] --END-- [ RunTime:0.000696s ]
INFO: [ app_begin ] --START--
INFO: Run Behavior\ReadHtmlCacheBehavior [ RunTime:0.002120s ]
INFO: [ app_begin ] --END-- [ RunTime:0.002392s ]
SQL: SHOW COLUMNS FROM `bo_cate` [ RunTime:0.0021s ]
SQL: SELECT * FROM `bo_cate`  [ RunTime:0.0003s ]
SQL: SHOW COLUMNS FROM `bo_article` [ RunTime:0.0016s ]
SQL: SELECT * FROM `bo_article` WHERE `a_rem` = 1 LIMIT 3   [ RunTime:0.0006s ]
SQL: SHOW COLUMNS FROM `bo_first` [ RunTime:0.0010s ]
SQL: SELECT COUNT(*) AS tp_count FROM `bo_first` LIMIT 1   [ RunTime:0.0005s ]
SQL: SELECT * FROM `bo_first` LIMIT 0,7   [ RunTime:0.0005s ]
INFO: [ view_parse ] --START--
INFO: [ template_filter ] --START--
INFO: Run Behavior\ContentReplaceBehavior [ RunTime:0.000189s ]
INFO: [ template_filter ] --END-- [ RunTime:0.000379s ]
INFO: Run Behavior\ParseTemplateBehavior [ RunTime:0.034320s ]
INFO: [ view_parse ] --END-- [ RunTime:0.034435s ]
INFO: [ view_filter ] --START--
INFO: Run Behavior\WriteHtmlCacheBehavior [ RunTime:0.001072s ]
INFO: [ view_filter ] --END-- [ RunTime:0.001232s ]
INFO: [ app_end ] --START--
INFO: Run Behavior\ShowPageTraceBehavior [ RunTime:0.001701s ]
INFO: [ app_end ] --END-- [ RunTime:0.001836s ]

[ 2019-08-25T14:47:03+08:00 ] ::1 /blog/index.php/Home/index/index
INFO: [ app_init ] --START--
INFO: Run Behavior\BuildLiteBehavior [ RunTime:0.000036s ]
INFO: [ app_init ] --END-- [ RunTime:0.001500s ]
INFO: [ app_begin ] --START--
INFO: Run Behavior\ReadHtmlCacheBehavior [ RunTime:0.006427s ]
INFO: [ app_begin ] --END-- [ RunTime:0.006658s ]
SQL: SHOW COLUMNS FROM `bo_cate` [ RunTime:0.0019s ]
SQL: SELECT * FROM `bo_cate`  [ RunTime:0.0004s ]
SQL: SHOW COLUMNS FROM `bo_article` [ RunTime:0.0007s ]
SQL: SELECT * FROM `bo_article` WHERE `a_rem` = 1 LIMIT 3   [ RunTime:0.0013s ]
SQL: SHOW COLUMNS FROM `bo_first` [ RunTime:0.0030s ]
SQL: SELECT COUNT(*) AS tp_count FROM `bo_first` LIMIT 1   [ RunTime:0.0005s ]
SQL: SELECT * FROM `bo_first` LIMIT 0,7   [ RunTime:0.0022s ]
INFO: [ view_parse ] --START--
INFO: [ template_filter ] --START--
INFO: Run Behavior\ContentReplaceBehavior [ RunTime:0.000197s ]
INFO: [ template_filter ] --END-- [ RunTime:0.000413s ]
INFO: Run Behavior\ParseTemplateBehavior [ RunTime:0.040982s ]
INFO: [ view_parse ] --END-- [ RunTime:0.041475s ]
INFO: [ view_filter ] --START--
INFO: Run Behavior\WriteHtmlCacheBehavior [ RunTime:0.002425s ]
INFO: [ view_filter ] --END-- [ RunTime:0.002692s ]
INFO: [ app_end ] --START--
INFO: Run Behavior\ShowPageTraceBehavior [ RunTime:0.003025s ]
INFO: [ app_end ] --END-- [ RunTime:0.003889s ]

[ 2019-08-25T14:47:04+08:00 ] ::1 /blog/index.php/Home/article/index
INFO: [ app_init ] --START--
INFO: Run Behavior\BuildLiteBehavior [ RunTime:0.000037s ]
INFO: [ app_init ] --END-- [ RunTime:0.000955s ]
INFO: [ app_begin ] --START--
INFO: Run Behavior\ReadHtmlCacheBehavior [ RunTime:0.001239s ]
INFO: [ app_begin ] --END-- [ RunTime:0.001404s ]
SQL: SHOW COLUMNS FROM `bo_cate` [ RunTime:0.0011s ]
SQL: SELECT * FROM `bo_cate`  [ RunTime:0.0004s ]
SQL: SHOW COLUMNS FROM `bo_article` [ RunTime:0.0062s ]
SQL: SELECT * FROM `bo_article` WHERE `a_rem` = 1 LIMIT 3   [ RunTime:0.0006s ]
INFO: [ view_parse ] --START--
INFO: [ template_filter ] --START--
INFO: Run Behavior\ContentReplaceBehavior [ RunTime:0.000181s ]
INFO: [ template_filter ] --END-- [ RunTime:0.000538s ]
INFO: Run Behavior\ParseTemplateBehavior [ RunTime:0.033371s ]
INFO: [ view_parse ] --END-- [ RunTime:0.033731s ]
INFO: [ view_filter ] --START--
INFO: Run Behavior\WriteHtmlCacheBehavior [ RunTime:0.002058s ]
INFO: [ view_filter ] --END-- [ RunTime:0.002244s ]
INFO: [ app_end ] --START--
INFO: Run Behavior\ShowPageTraceBehavior [ RunTime:0.002449s ]
INFO: [ app_end ] --END-- [ RunTime:0.002562s ]

[ 2019-08-25T14:47:04+08:00 ] ::1 /blog/index.php/Home/article/index
INFO: [ app_init ] --START--
INFO: Run Behavior\BuildLiteBehavior [ RunTime:0.000045s ]
INFO: [ app_init ] --END-- [ RunTime:0.001335s ]
INFO: [ app_begin ] --START--
INFO: Run Behavior\ReadHtmlCacheBehavior [ RunTime:0.002004s ]
INFO: [ app_begin ] --END-- [ RunTime:0.002237s ]
SQL: SHOW COLUMNS FROM `bo_cate` [ RunTime:0.0051s ]
SQL: SELECT * FROM `bo_cate`  [ RunTime:0.0005s ]
SQL: SHOW COLUMNS FROM `bo_article` [ RunTime:0.0037s ]
SQL: SELECT * FROM `bo_article` WHERE `a_rem` = 1 LIMIT 3   [ RunTime:0.0009s ]
INFO: [ view_parse ] --START--
INFO: [ template_filter ] --START--
INFO: Run Behavior\ContentReplaceBehavior [ RunTime:0.000265s ]
INFO: [ template_filter ] --END-- [ RunTime:0.000530s ]
INFO: Run Behavior\ParseTemplateBehavior [ RunTime:0.043666s ]
INFO: [ view_parse ] --END-- [ RunTime:0.043896s ]
INFO: [ view_filter ] --START--
INFO: Run Behavior\WriteHtmlCacheBehavior [ RunTime:0.004373s ]
INFO: [ view_filter ] --END-- [ RunTime:0.005842s ]
INFO: [ app_end ] --START--
INFO: Run Behavior\ShowPageTraceBehavior [ RunTime:0.004107s ]
INFO: [ app_end ] --END-- [ RunTime:0.004477s ]

[ 2019-08-25T14:47:05+08:00 ] ::1 /blog/index.php/Home/about/index
INFO: [ app_init ] --START--
INFO: Run Behavior\BuildLiteBehavior [ RunTime:0.000040s ]
INFO: [ app_init ] --END-- [ RunTime:0.000987s ]
INFO: [ app_begin ] --START--
INFO: Run Behavior\ReadHtmlCacheBehavior [ RunTime:0.001519s ]
INFO: [ app_begin ] --END-- [ RunTime:0.001771s ]
SQL: SHOW COLUMNS FROM `bo_cate` [ RunTime:0.0006s ]
SQL: SELECT * FROM `bo_cate`  [ RunTime:0.0003s ]
SQL: SHOW COLUMNS FROM `bo_article` [ RunTime:0.0018s ]
SQL: SELECT * FROM `bo_article` WHERE `a_rem` = 1 LIMIT 3   [ RunTime:0.0003s ]
INFO: [ view_parse ] --START--
INFO: [ template_filter ] --START--
INFO: Run Behavior\ContentReplaceBehavior [ RunTime:0.000182s ]
INFO: [ template_filter ] --END-- [ RunTime:0.000349s ]
INFO: Run Behavior\ParseTemplateBehavior [ RunTime:0.026713s ]
INFO: [ view_parse ] --END-- [ RunTime:0.026933s ]
INFO: [ view_filter ] --START--
INFO: Run Behavior\WriteHtmlCacheBehavior [ RunTime:0.001682s ]
INFO: [ view_filter ] --END-- [ RunTime:0.001847s ]
INFO: [ app_end ] --START--
INFO: Run Behavior\ShowPageTraceBehavior [ RunTime:0.001734s ]
INFO: [ app_end ] --END-- [ RunTime:0.001933s ]

[ 2019-08-25T14:47:05+08:00 ] ::1 /blog/index.php/Home/about/index
INFO: [ app_init ] --START--
INFO: Run Behavior\BuildLiteBehavior [ RunTime:0.000034s ]
INFO: [ app_init ] --END-- [ RunTime:0.000918s ]
INFO: [ app_begin ] --START--
INFO: Run Behavior\ReadHtmlCacheBehavior [ RunTime:0.001487s ]
INFO: [ app_begin ] --END-- [ RunTime:0.001680s ]
SQL: SHOW COLUMNS FROM `bo_cate` [ RunTime:0.0009s ]
SQL: SELECT * FROM `bo_cate`  [ RunTime:0.0005s ]
SQL: SHOW COLUMNS FROM `bo_article` [ RunTime:0.0029s ]
SQL: SELECT * FROM `bo_article` WHERE `a_rem` = 1 LIMIT 3   [ RunTime:0.0006s ]
INFO: [ view_parse ] --START--
INFO: [ template_filter ] --START--
INFO: Run Behavior\ContentReplaceBehavior [ RunTime:0.000175s ]
INFO: [ template_filter ] --END-- [ RunTime:0.000346s ]
INFO: Run Behavior\ParseTemplateBehavior [ RunTime:0.041167s ]
INFO: [ view_parse ] --END-- [ RunTime:0.041356s ]
INFO: [ view_filter ] --START--
INFO: Run Behavior\WriteHtmlCacheBehavior [ RunTime:0.001974s ]
INFO: [ view_filter ] --END-- [ RunTime:0.002181s ]
INFO: [ app_end ] --START--
INFO: Run Behavior\ShowPageTraceBehavior [ RunTime:0.007868s ]
INFO: [ app_end ] --END-- [ RunTime:0.008092s ]

[ 2019-08-25T14:47:05+08:00 ] ::1 /blog/index.php/Home/index/index
INFO: [ app_init ] --START--
INFO: Run Behavior\BuildLiteBehavior [ RunTime:0.000022s ]
INFO: [ app_init ] --END-- [ RunTime:0.000648s ]
INFO: [ app_begin ] --START--
INFO: Run Behavior\ReadHtmlCacheBehavior [ RunTime:0.004196s ]
INFO: [ app_begin ] --END-- [ RunTime:0.004422s ]
SQL: SHOW COLUMNS FROM `bo_cate` [ RunTime:0.0009s ]
SQL: SELECT * FROM `bo_cate`  [ RunTime:0.0006s ]
SQL: SHOW COLUMNS FROM `bo_article` [ RunTime:0.0010s ]
SQL: SELECT * FROM `bo_article` WHERE `a_rem` = 1 LIMIT 3   [ RunTime:0.0005s ]
SQL: SHOW COLUMNS FROM `bo_first` [ RunTime:0.0007s ]
SQL: SELECT COUNT(*) AS tp_count FROM `bo_first` LIMIT 1   [ RunTime:0.0002s ]
SQL: SELECT * FROM `bo_first` LIMIT 0,7   [ RunTime:0.0004s ]
INFO: [ view_parse ] --START--
INFO: [ template_filter ] --START--
INFO: Run Behavior\ContentReplaceBehavior [ RunTime:0.000101s ]
INFO: [ template_filter ] --END-- [ RunTime:0.000200s ]
INFO: Run Behavior\ParseTemplateBehavior [ RunTime:0.017577s ]
INFO: [ view_parse ] --END-- [ RunTime:0.017697s ]
INFO: [ view_filter ] --START--
INFO: Run Behavior\WriteHtmlCacheBehavior [ RunTime:0.001044s ]
INFO: [ view_filter ] --END-- [ RunTime:0.001144s ]
INFO: [ app_end ] --START--
INFO: Run Behavior\ShowPageTraceBehavior [ RunTime:0.001191s ]
INFO: [ app_end ] --END-- [ RunTime:0.001295s ]

[ 2019-08-25T14:47:06+08:00 ] ::1 /blog/index.php/Home/index/index
INFO: [ app_init ] --START--
INFO: Run Behavior\BuildLiteBehavior [ RunTime:0.000035s ]
INFO: [ app_init ] --END-- [ RunTime:0.001591s ]
INFO: [ app_begin ] --START--
INFO: Run Behavior\ReadHtmlCacheBehavior [ RunTime:0.001719s ]
INFO: [ app_begin ] --END-- [ RunTime:0.001949s ]
SQL: SHOW COLUMNS FROM `bo_cate` [ RunTime:0.0008s ]
SQL: SELECT * FROM `bo_cate`  [ RunTime:0.0005s ]
SQL: SHOW COLUMNS FROM `bo_article` [ RunTime:0.0009s ]
SQL: SELECT * FROM `bo_article` WHERE `a_rem` = 1 LIMIT 3   [ RunTime:0.0007s ]
SQL: SHOW COLUMNS FROM `bo_first` [ RunTime:0.0013s ]
SQL: SELECT COUNT(*) AS tp_count FROM `bo_first` LIMIT 1   [ RunTime:0.0004s ]
SQL: SELECT * FROM `bo_first` LIMIT 0,7   [ RunTime:0.0021s ]
INFO: [ view_parse ] --START--
INFO: [ template_filter ] --START--
INFO: Run Behavior\ContentReplaceBehavior [ RunTime:0.000104s ]
INFO: [ template_filter ] --END-- [ RunTime:0.000226s ]
INFO: Run Behavior\ParseTemplateBehavior [ RunTime:0.027159s ]
INFO: [ view_parse ] --END-- [ RunTime:0.027370s ]
INFO: [ view_filter ] --START--
INFO: Run Behavior\WriteHtmlCacheBehavior [ RunTime:0.004956s ]
INFO: [ view_filter ] --END-- [ RunTime:0.005135s ]
INFO: [ app_end ] --START--
INFO: Run Behavior\ShowPageTraceBehavior [ RunTime:0.001715s ]
INFO: [ app_end ] --END-- [ RunTime:0.001929s ]

[ 2019-08-25T14:59:55+08:00 ] ::1 /blog/index.php/Home/index/index
INFO: [ app_init ] --START--
INFO: Run Behavior\BuildLiteBehavior [ RunTime:0.000024s ]
INFO: [ app_init ] --END-- [ RunTime:0.000849s ]
INFO: [ app_begin ] --START--
INFO: Run Behavior\ReadHtmlCacheBehavior [ RunTime:0.001288s ]
INFO: [ app_begin ] --END-- [ RunTime:0.001399s ]
SQL: SHOW COLUMNS FROM `bo_cate` [ RunTime:0.0022s ]
SQL: SELECT * FROM `bo_cate`  [ RunTime:0.0004s ]
SQL: SHOW COLUMNS FROM `bo_article` [ RunTime:0.0006s ]
SQL: SELECT * FROM `bo_article` WHERE `a_rem` = 1 LIMIT 3   [ RunTime:0.0003s ]
SQL: SHOW COLUMNS FROM `bo_first` [ RunTime:0.0017s ]
SQL: SELECT COUNT(*) AS tp_count FROM `bo_first` LIMIT 1   [ RunTime:0.0003s ]
SQL: SELECT * FROM `bo_first` LIMIT 0,7   [ RunTime:0.0004s ]
INFO: [ view_parse ] --START--
INFO: [ template_filter ] --START--
INFO: Run Behavior\ContentReplaceBehavior [ RunTime:0.000102s ]
INFO: [ template_filter ] --END-- [ RunTime:0.000197s ]
INFO: Run Behavior\ParseTemplateBehavior [ RunTime:0.017025s ]
INFO: [ view_parse ] --END-- [ RunTime:0.017127s ]
INFO: [ view_filter ] --START--
INFO: Run Behavior\WriteHtmlCacheBehavior [ RunTime:0.001304s ]
INFO: [ view_filter ] --END-- [ RunTime:0.001396s ]
INFO: [ app_end ] --START--
INFO: Run Behavior\ShowPageTraceBehavior [ RunTime:0.001607s ]
INFO: [ app_end ] --END-- [ RunTime:0.001840s ]

[ 2019-08-25T14:59:56+08:00 ] ::1 /blog/index.php/Home/index/index
INFO: [ app_init ] --START--
INFO: Run Behavior\BuildLiteBehavior [ RunTime:0.000041s ]
INFO: [ app_init ] --END-- [ RunTime:0.001269s ]
INFO: [ app_begin ] --START--
INFO: Run Behavior\ReadHtmlCacheBehavior [ RunTime:0.002055s ]
INFO: [ app_begin ] --END-- [ RunTime:0.002300s ]
SQL: SHOW COLUMNS FROM `bo_cate` [ RunTime:0.0009s ]
SQL: SELECT * FROM `bo_cate`  [ RunTime:0.0006s ]
SQL: SHOW COLUMNS FROM `bo_article` [ RunTime:0.0009s ]
SQL: SELECT * FROM `bo_article` WHERE `a_rem` = 1 LIMIT 3   [ RunTime:0.0006s ]
SQL: SHOW COLUMNS FROM `bo_first` [ RunTime:0.0010s ]
SQL: SELECT COUNT(*) AS tp_count FROM `bo_first` LIMIT 1   [ RunTime:0.0006s ]
SQL: SELECT * FROM `bo_first` LIMIT 0,7   [ RunTime:0.0005s ]
INFO: [ view_parse ] --START--
INFO: [ template_filter ] --START--
INFO: Run Behavior\ContentReplaceBehavior [ RunTime:0.000221s ]
INFO: [ template_filter ] --END-- [ RunTime:0.000424s ]
INFO: Run Behavior\ParseTemplateBehavior [ RunTime:0.035090s ]
INFO: [ view_parse ] --END-- [ RunTime:0.035359s ]
INFO: [ view_filter ] --START--
INFO: Run Behavior\WriteHtmlCacheBehavior [ RunTime:0.005008s ]
INFO: [ view_filter ] --END-- [ RunTime:0.005179s ]
INFO: [ app_end ] --START--
INFO: Run Behavior\ShowPageTraceBehavior [ RunTime:0.003108s ]
INFO: [ app_end ] --END-- [ RunTime:0.003290s ]

[ 2019-08-25T14:59:57+08:00 ] ::1 /blog/index.php/Home/index/index
INFO: [ app_init ] --START--
INFO: Run Behavior\BuildLiteBehavior [ RunTime:0.000038s ]
INFO: [ app_init ] --END-- [ RunTime:0.001219s ]
INFO: [ app_begin ] --START--
INFO: Run Behavior\ReadHtmlCacheBehavior [ RunTime:0.001084s ]
INFO: [ app_begin ] --END-- [ RunTime:0.001214s ]
SQL: SHOW COLUMNS FROM `bo_cate` [ RunTime:0.0006s ]
SQL: SELECT * FROM `bo_cate`  [ RunTime:0.0003s ]
SQL: SHOW COLUMNS FROM `bo_article` [ RunTime:0.0007s ]
SQL: SELECT * FROM `bo_article` WHERE `a_rem` = 1 LIMIT 3   [ RunTime:0.0003s ]
SQL: SHOW COLUMNS FROM `bo_first` [ RunTime:0.0006s ]
SQL: SELECT COUNT(*) AS tp_count FROM `bo_first` LIMIT 1   [ RunTime:0.0003s ]
SQL: SELECT * FROM `bo_first` LIMIT 0,7   [ RunTime:0.0004s ]
INFO: [ view_parse ] --START--
INFO: [ template_filter ] --START--
INFO: Run Behavior\ContentReplaceBehavior [ RunTime:0.000099s ]
INFO: [ template_filter ] --END-- [ RunTime:0.000211s ]
INFO: Run Behavior\ParseTemplateBehavior [ RunTime:0.021235s ]
INFO: [ view_parse ] --END-- [ RunTime:0.021427s ]
INFO: [ view_filter ] --START--
INFO: Run Behavior\WriteHtmlCacheBehavior [ RunTime:0.001053s ]
INFO: [ view_filter ] --END-- [ RunTime:0.001139s ]
INFO: [ app_end ] --START--
INFO: Run Behavior\ShowPageTraceBehavior [ RunTime:0.001518s ]
INFO: [ app_end ] --END-- [ RunTime:0.001791s ]

[ 2019-08-25T14:59:58+08:00 ] ::1 /blog/index.php/Home/index/index
INFO: [ app_init ] --START--
INFO: Run Behavior\BuildLiteBehavior [ RunTime:0.000038s ]
INFO: [ app_init ] --END-- [ RunTime:0.001131s ]
INFO: [ app_begin ] --START--
INFO: Run Behavior\ReadHtmlCacheBehavior [ RunTime:0.002307s ]
INFO: [ app_begin ] --END-- [ RunTime:0.002502s ]
SQL: SHOW COLUMNS FROM `bo_cate` [ RunTime:0.0007s ]
SQL: SELECT * FROM `bo_cate`  [ RunTime:0.0004s ]
SQL: SHOW COLUMNS FROM `bo_article` [ RunTime:0.0010s ]
SQL: SELECT * FROM `bo_article` WHERE `a_rem` = 1 LIMIT 3   [ RunTime:0.0007s ]
SQL: SHOW COLUMNS FROM `bo_first` [ RunTime:0.0022s ]
SQL: SELECT COUNT(*) AS tp_count FROM `bo_first` LIMIT 1   [ RunTime:0.0005s ]
SQL: SELECT * FROM `bo_first` LIMIT 0,7   [ RunTime:0.0005s ]
INFO: [ view_parse ] --START--
INFO: [ template_filter ] --START--
INFO: Run Behavior\ContentReplaceBehavior [ RunTime:0.000215s ]
INFO: [ template_filter ] --END-- [ RunTime:0.000385s ]
INFO: Run Behavior\ParseTemplateBehavior [ RunTime:0.031296s ]
INFO: [ view_parse ] --END-- [ RunTime:0.031454s ]
INFO: [ view_filter ] --START--
INFO: Run Behavior\WriteHtmlCacheBehavior [ RunTime:0.001085s ]
INFO: [ view_filter ] --END-- [ RunTime:0.001175s ]
INFO: [ app_end ] --START--
INFO: Run Behavior\ShowPageTraceBehavior [ RunTime:0.001731s ]
INFO: [ app_end ] --END-- [ RunTime:0.001913s ]

[ 2019-08-25T14:59:59+08:00 ] ::1 /blog/index.php/Home/index/index
INFO: [ app_init ] --START--
INFO: Run Behavior\BuildLiteBehavior [ RunTime:0.000021s ]
INFO: [ app_init ] --END-- [ RunTime:0.000650s ]
INFO: [ app_begin ] --START--
INFO: Run Behavior\ReadHtmlCacheBehavior [ RunTime:0.003105s ]
INFO: [ app_begin ] --END-- [ RunTime:0.003728s ]
SQL: SHOW COLUMNS FROM `bo_cate` [ RunTime:0.0012s ]
SQL: SELECT * FROM `bo_cate`  [ RunTime:0.0004s ]
SQL: SHOW COLUMNS FROM `bo_article` [ RunTime:0.0008s ]
SQL: SELECT * FROM `bo_article` WHERE `a_rem` = 1 LIMIT 3   [ RunTime:0.0004s ]
SQL: SHOW COLUMNS FROM `bo_first` [ RunTime:0.0006s ]
SQL: SELECT COUNT(*) AS tp_count FROM `bo_first` LIMIT 1   [ RunTime:0.0003s ]
SQL: SELECT * FROM `bo_first` LIMIT 0,7   [ RunTime:0.0004s ]
INFO: [ view_parse ] --START--
INFO: [ template_filter ] --START--
INFO: Run Behavior\ContentReplaceBehavior [ RunTime:0.000110s ]
INFO: [ template_filter ] --END-- [ RunTime:0.000201s ]
INFO: Run Behavior\ParseTemplateBehavior [ RunTime:0.019133s ]
INFO: [ view_parse ] --END-- [ RunTime:0.019421s ]
INFO: [ view_filter ] --START--
INFO: Run Behavior\WriteHtmlCacheBehavior [ RunTime:0.001675s ]
INFO: [ view_filter ] --END-- [ RunTime:0.001818s ]
INFO: [ app_end ] --START--
INFO: Run Behavior\ShowPageTraceBehavior [ RunTime:0.002676s ]
INFO: [ app_end ] --END-- [ RunTime:0.002781s ]

[ 2019-08-25T14:59:59+08:00 ] ::1 /blog/index.php/Home/index/index
INFO: [ app_init ] --START--
INFO: Run Behavior\BuildLiteBehavior [ RunTime:0.000048s ]
INFO: [ app_init ] --END-- [ RunTime:0.000994s ]
INFO: [ app_begin ] --START--
INFO: Run Behavior\ReadHtmlCacheBehavior [ RunTime:0.001989s ]
INFO: [ app_begin ] --END-- [ RunTime:0.002418s ]
SQL: SHOW COLUMNS FROM `bo_cate` [ RunTime:0.0009s ]
SQL: SELECT * FROM `bo_cate`  [ RunTime:0.0004s ]
SQL: SHOW COLUMNS FROM `bo_article` [ RunTime:0.0006s ]
SQL: SELECT * FROM `bo_article` WHERE `a_rem` = 1 LIMIT 3   [ RunTime:0.0004s ]
SQL: SHOW COLUMNS FROM `bo_first` [ RunTime:0.0010s ]
SQL: SELECT COUNT(*) AS tp_count FROM `bo_first` LIMIT 1   [ RunTime:0.0003s ]
SQL: SELECT * FROM `bo_first` LIMIT 0,7   [ RunTime:0.0024s ]
INFO: [ view_parse ] --START--
INFO: [ template_filter ] --START--
INFO: Run Behavior\ContentReplaceBehavior [ RunTime:0.000195s ]
INFO: [ template_filter ] --END-- [ RunTime:0.000363s ]
INFO: Run Behavior\ParseTemplateBehavior [ RunTime:0.034376s ]
INFO: [ view_parse ] --END-- [ RunTime:0.034576s ]
INFO: [ view_filter ] --START--
INFO: Run Behavior\WriteHtmlCacheBehavior [ RunTime:0.001873s ]
INFO: [ view_filter ] --END-- [ RunTime:0.002037s ]
INFO: [ app_end ] --START--
INFO: Run Behavior\ShowPageTraceBehavior [ RunTime:0.001671s ]
INFO: [ app_end ] --END-- [ RunTime:0.001853s ]

[ 2019-08-25T15:00:14+08:00 ] ::1 /blog/index.php/Home/index/index
INFO: [ app_init ] --START--
INFO: Run Behavior\BuildLiteBehavior [ RunTime:0.000093s ]
INFO: [ app_init ] --END-- [ RunTime:0.001472s ]
INFO: [ app_begin ] --START--
INFO: Run Behavior\ReadHtmlCacheBehavior [ RunTime:0.001655s ]
INFO: [ app_begin ] --END-- [ RunTime:0.001821s ]
SQL: SHOW COLUMNS FROM `bo_cate` [ RunTime:0.0008s ]
SQL: SELECT * FROM `bo_cate`  [ RunTime:0.0003s ]
SQL: SHOW COLUMNS FROM `bo_article` [ RunTime:0.0008s ]
SQL: SELECT * FROM `bo_article` WHERE `a_rem` = 1 LIMIT 3   [ RunTime:0.0003s ]
SQL: SHOW COLUMNS FROM `bo_first` [ RunTime:0.0007s ]
SQL: SELECT COUNT(*) AS tp_count FROM `bo_first` LIMIT 1   [ RunTime:0.0003s ]
SQL: SELECT * FROM `bo_first` LIMIT 0,7   [ RunTime:0.0074s ]
INFO: [ view_parse ] --START--
INFO: [ template_filter ] --START--
INFO: Run Behavior\ContentReplaceBehavior [ RunTime:0.000100s ]
INFO: [ template_filter ] --END-- [ RunTime:0.000207s ]
INFO: Run Behavior\ParseTemplateBehavior [ RunTime:0.018797s ]
INFO: [ view_parse ] --END-- [ RunTime:0.018918s ]
INFO: [ view_filter ] --START--
INFO: Run Behavior\WriteHtmlCacheBehavior [ RunTime:0.000957s ]
INFO: [ view_filter ] --END-- [ RunTime:0.001045s ]
INFO: [ app_end ] --START--
INFO: Run Behavior\ShowPageTraceBehavior [ RunTime:0.001672s ]
INFO: [ app_end ] --END-- [ RunTime:0.001814s ]

[ 2019-08-25T15:00:14+08:00 ] ::1 /blog/index.php/Home/index/index
INFO: [ app_init ] --START--
INFO: Run Behavior\BuildLiteBehavior [ RunTime:0.000035s ]
INFO: [ app_init ] --END-- [ RunTime:0.000869s ]
INFO: [ app_begin ] --START--
INFO: Run Behavior\ReadHtmlCacheBehavior [ RunTime:0.002530s ]
INFO: [ app_begin ] --END-- [ RunTime:0.002750s ]
SQL: SHOW COLUMNS FROM `bo_cate` [ RunTime:0.0009s ]
SQL: SELECT * FROM `bo_cate`  [ RunTime:0.0004s ]
SQL: SHOW COLUMNS FROM `bo_article` [ RunTime:0.0028s ]
SQL: SELECT * FROM `bo_article` WHERE `a_rem` = 1 LIMIT 3   [ RunTime:0.0005s ]
SQL: SHOW COLUMNS FROM `bo_first` [ RunTime:0.0087s ]
SQL: SELECT COUNT(*) AS tp_count FROM `bo_first` LIMIT 1   [ RunTime:0.0003s ]
SQL: SELECT * FROM `bo_first` LIMIT 0,7   [ RunTime:0.0007s ]
INFO: [ view_parse ] --START--
INFO: [ template_filter ] --START--
INFO: Run Behavior\ContentReplaceBehavior [ RunTime:0.000390s ]
INFO: [ template_filter ] --END-- [ RunTime:0.000890s ]
INFO: Run Behavior\ParseTemplateBehavior [ RunTime:0.035100s ]
INFO: [ view_parse ] --END-- [ RunTime:0.035279s ]
INFO: [ view_filter ] --START--
INFO: Run Behavior\WriteHtmlCacheBehavior [ RunTime:0.000988s ]
INFO: [ view_filter ] --END-- [ RunTime:0.001150s ]
INFO: [ app_end ] --START--
INFO: Run Behavior\ShowPageTraceBehavior [ RunTime:0.001701s ]
INFO: [ app_end ] --END-- [ RunTime:0.001873s ]

[ 2019-08-25T15:00:38+08:00 ] ::1 /blog/index.php/Home/index/index
INFO: [ app_init ] --START--
INFO: Run Behavior\BuildLiteBehavior [ RunTime:0.000022s ]
INFO: [ app_init ] --END-- [ RunTime:0.000662s ]
INFO: [ app_begin ] --START--
INFO: Run Behavior\ReadHtmlCacheBehavior [ RunTime:0.003903s ]
INFO: [ app_begin ] --END-- [ RunTime:0.004242s ]
SQL: SHOW COLUMNS FROM `bo_cate` [ RunTime:0.0006s ]
SQL: SELECT * FROM `bo_cate`  [ RunTime:0.0005s ]
SQL: SHOW COLUMNS FROM `bo_article` [ RunTime:0.0008s ]
SQL: SELECT * FROM `bo_article` WHERE `a_rem` = 1 LIMIT 3   [ RunTime:0.0004s ]
SQL: SHOW COLUMNS FROM `bo_first` [ RunTime:0.0006s ]
SQL: SELECT COUNT(*) AS tp_count FROM `bo_first` LIMIT 1   [ RunTime:0.0003s ]
SQL: SELECT * FROM `bo_first` LIMIT 0,7   [ RunTime:0.0004s ]
INFO: [ view_parse ] --START--
INFO: [ template_filter ] --START--
INFO: Run Behavior\ContentReplaceBehavior [ RunTime:0.000123s ]
INFO: [ template_filter ] --END-- [ RunTime:0.000278s ]
INFO: Run Behavior\ParseTemplateBehavior [ RunTime:0.018364s ]
INFO: [ view_parse ] --END-- [ RunTime:0.018469s ]
INFO: [ view_filter ] --START--
INFO: Run Behavior\WriteHtmlCacheBehavior [ RunTime:0.001096s ]
INFO: [ view_filter ] --END-- [ RunTime:0.001183s ]
INFO: [ app_end ] --START--
INFO: Run Behavior\ShowPageTraceBehavior [ RunTime:0.001198s ]
INFO: [ app_end ] --END-- [ RunTime:0.001326s ]

[ 2019-08-25T15:00:38+08:00 ] ::1 /blog/index.php/Home/index/index
INFO: [ app_init ] --START--
INFO: Run Behavior\BuildLiteBehavior [ RunTime:0.000057s ]
INFO: [ app_init ] --END-- [ RunTime:0.001648s ]
INFO: [ app_begin ] --START--
INFO: Run Behavior\ReadHtmlCacheBehavior [ RunTime:0.002427s ]
INFO: [ app_begin ] --END-- [ RunTime:0.002651s ]
SQL: SHOW COLUMNS FROM `bo_cate` [ RunTime:0.0010s ]
SQL: SELECT * FROM `bo_cate`  [ RunTime:0.0004s ]
SQL: SHOW COLUMNS FROM `bo_article` [ RunTime:0.0011s ]
SQL: SELECT * FROM `bo_article` WHERE `a_rem` = 1 LIMIT 3   [ RunTime:0.0005s ]
SQL: SHOW COLUMNS FROM `bo_first` [ RunTime:0.0010s ]
SQL: SELECT COUNT(*) AS tp_count FROM `bo_first` LIMIT 1   [ RunTime:0.0003s ]
SQL: SELECT * FROM `bo_first` LIMIT 0,7   [ RunTime:0.0005s ]
INFO: [ view_parse ] --START--
INFO: [ template_filter ] --START--
INFO: Run Behavior\ContentReplaceBehavior [ RunTime:0.000197s ]
INFO: [ template_filter ] --END-- [ RunTime:0.000410s ]
INFO: Run Behavior\ParseTemplateBehavior [ RunTime:0.035508s ]
INFO: [ view_parse ] --END-- [ RunTime:0.035975s ]
INFO: [ view_filter ] --START--
INFO: Run Behavior\WriteHtmlCacheBehavior [ RunTime:0.001752s ]
INFO: [ view_filter ] --END-- [ RunTime:0.001899s ]
INFO: [ app_end ] --START--
INFO: Run Behavior\ShowPageTraceBehavior [ RunTime:0.005049s ]
INFO: [ app_end ] --END-- [ RunTime:0.005239s ]

[ 2019-08-25T18:00:26+08:00 ] ::1 /blog/index.php/Home/index/index
INFO: [ app_init ] --START--
INFO: Run Behavior\BuildLiteBehavior [ RunTime:0.000024s ]
INFO: [ app_init ] --END-- [ RunTime:0.001056s ]
INFO: [ app_begin ] --START--
INFO: Run Behavior\ReadHtmlCacheBehavior [ RunTime:0.009247s ]
INFO: [ app_begin ] --END-- [ RunTime:0.009434s ]
SQL: SHOW COLUMNS FROM `bo_cate` [ RunTime:0.0010s ]
SQL: SELECT * FROM `bo_cate`  [ RunTime:0.0005s ]
SQL: SHOW COLUMNS FROM `bo_article` [ RunTime:0.0009s ]
SQL: SELECT * FROM `bo_article` WHERE `a_rem` = 1 LIMIT 3   [ RunTime:0.0006s ]
SQL: SHOW COLUMNS FROM `bo_first` [ RunTime:0.0020s ]
SQL: SELECT COUNT(*) AS tp_count FROM `bo_first` LIMIT 1   [ RunTime:0.0003s ]
SQL: SELECT * FROM `bo_first` LIMIT 0,7   [ RunTime:0.0005s ]
INFO: [ view_parse ] --START--
INFO: [ template_filter ] --START--
INFO: Run Behavior\ContentReplaceBehavior [ RunTime:0.000251s ]
INFO: [ template_filter ] --END-- [ RunTime:0.000468s ]
INFO: Run Behavior\ParseTemplateBehavior [ RunTime:0.039829s ]
INFO: [ view_parse ] --END-- [ RunTime:0.040041s ]
INFO: [ view_filter ] --START--
INFO: Run Behavior\WriteHtmlCacheBehavior [ RunTime:0.001579s ]
INFO: [ view_filter ] --END-- [ RunTime:0.001770s ]
INFO: [ app_end ] --START--
INFO: Run Behavior\ShowPageTraceBehavior [ RunTime:0.006140s ]
INFO: [ app_end ] --END-- [ RunTime:0.006345s ]

[ 2019-08-25T18:00:28+08:00 ] ::1 /blog/index.php/Home/index/index
INFO: [ app_init ] --START--
INFO: Run Behavior\BuildLiteBehavior [ RunTime:0.000033s ]
INFO: [ app_init ] --END-- [ RunTime:0.001046s ]
INFO: [ app_begin ] --START--
INFO: Run Behavior\ReadHtmlCacheBehavior [ RunTime:0.001508s ]
INFO: [ app_begin ] --END-- [ RunTime:0.001681s ]
SQL: SHOW COLUMNS FROM `bo_cate` [ RunTime:0.0014s ]
SQL: SELECT * FROM `bo_cate`  [ RunTime:0.0007s ]
SQL: SHOW COLUMNS FROM `bo_article` [ RunTime:0.0011s ]
SQL: SELECT * FROM `bo_article` WHERE `a_rem` = 1 LIMIT 3   [ RunTime:0.0004s ]
SQL: SHOW COLUMNS FROM `bo_first` [ RunTime:0.0038s ]
SQL: SELECT COUNT(*) AS tp_count FROM `bo_first` LIMIT 1   [ RunTime:0.0004s ]
SQL: SELECT * FROM `bo_first` LIMIT 0,7   [ RunTime:0.0005s ]
INFO: [ view_parse ] --START--
INFO: [ template_filter ] --START--
INFO: Run Behavior\ContentReplaceBehavior [ RunTime:0.000182s ]
INFO: [ template_filter ] --END-- [ RunTime:0.000471s ]
INFO: Run Behavior\ParseTemplateBehavior [ RunTime:0.795408s ]
INFO: [ view_parse ] --END-- [ RunTime:0.795656s ]
INFO: [ view_filter ] --START--
INFO: Run Behavior\WriteHtmlCacheBehavior [ RunTime:0.001813s ]
INFO: [ view_filter ] --END-- [ RunTime:0.002135s ]
INFO: [ app_end ] --START--
INFO: Run Behavior\ShowPageTraceBehavior [ RunTime:0.002173s ]
INFO: [ app_end ] --END-- [ RunTime:0.002671s ]

[ 2019-08-25T18:00:30+08:00 ] ::1 /blog/index.php/Home/index/index
INFO: [ app_init ] --START--
INFO: Run Behavior\BuildLiteBehavior [ RunTime:0.000042s ]
INFO: [ app_init ] --END-- [ RunTime:0.000855s ]
INFO: [ app_begin ] --START--
INFO: Run Behavior\ReadHtmlCacheBehavior [ RunTime:0.001252s ]
INFO: [ app_begin ] --END-- [ RunTime:0.001463s ]
SQL: SHOW COLUMNS FROM `bo_cate` [ RunTime:0.0010s ]
SQL: SELECT * FROM `bo_cate`  [ RunTime:0.0006s ]
SQL: SHOW COLUMNS FROM `bo_article` [ RunTime:0.0024s ]
SQL: SELECT * FROM `bo_article` WHERE `a_rem` = 1 LIMIT 3   [ RunTime:0.0004s ]
SQL: SHOW COLUMNS FROM `bo_first` [ RunTime:0.0016s ]
SQL: SELECT COUNT(*) AS tp_count FROM `bo_first` LIMIT 1   [ RunTime:0.0007s ]
SQL: SELECT * FROM `bo_first` LIMIT 0,7   [ RunTime:0.0006s ]
INFO: [ view_parse ] --START--
INFO: [ template_filter ] --START--
INFO: Run Behavior\ContentReplaceBehavior [ RunTime:0.000330s ]
INFO: [ template_filter ] --END-- [ RunTime:0.000666s ]
INFO: Run Behavior\ParseTemplateBehavior [ RunTime:0.041498s ]
INFO: [ view_parse ] --END-- [ RunTime:0.041781s ]
INFO: [ view_filter ] --START--
INFO: Run Behavior\WriteHtmlCacheBehavior [ RunTime:0.001371s ]
INFO: [ view_filter ] --END-- [ RunTime:0.001826s ]
INFO: [ app_end ] --START--
INFO: Run Behavior\ShowPageTraceBehavior [ RunTime:0.004060s ]
INFO: [ app_end ] --END-- [ RunTime:0.004546s ]

